<?xml version="1.0" encoding="UTF-8"?>
<coverage generated="1731414314285" clover="3.2.0">
  <project timestamp="1731414314285" name="All files">
    <metrics statements="168" coveredstatements="160" conditionals="111" coveredconditionals="93" methods="49" coveredmethods="46" elements="328" coveredelements="299" complexity="0" loc="168" ncloc="168" packages="3" files="13" classes="13"/>
    <package name="src">
      <metrics statements="1" coveredstatements="1" conditionals="0" coveredconditionals="0" methods="1" coveredmethods="1"/>
      <file name="App.tsx" path="/Users/vasco/Desktop/FlatFair/FlatFair/app/src/App.tsx">
        <metrics statements="1" coveredstatements="1" conditionals="0" coveredconditionals="0" methods="1" coveredmethods="1"/>
        <line num="12" count="2" type="stmt"/>
      </file>
    </package>
    <package name="src.components">
      <metrics statements="20" coveredstatements="19" conditionals="20" coveredconditionals="15" methods="9" coveredmethods="8"/>
      <file name="AsyncSubmit.tsx" path="/Users/vasco/Desktop/FlatFair/FlatFair/app/src/components/AsyncSubmit.tsx">
        <metrics statements="2" coveredstatements="1" conditionals="2" coveredconditionals="0" methods="1" coveredmethods="0"/>
        <line num="4" count="5" type="stmt"/>
        <line num="5" count="0" type="stmt"/>
      </file>
      <file name="ErrorBoundary.tsx" path="/Users/vasco/Desktop/FlatFair/FlatFair/app/src/components/ErrorBoundary.tsx">
        <metrics statements="6" coveredstatements="6" conditionals="2" coveredconditionals="2" methods="3" coveredmethods="3"/>
        <line num="13" count="3" type="stmt"/>
        <line num="18" count="2" type="stmt"/>
        <line num="22" count="1" type="stmt"/>
        <line num="26" count="5" type="cond" truecount="2" falsecount="0"/>
        <line num="27" count="2" type="stmt"/>
        <line num="35" count="3" type="stmt"/>
      </file>
      <file name="Icon.tsx" path="/Users/vasco/Desktop/FlatFair/FlatFair/app/src/components/Icon.tsx">
        <metrics statements="3" coveredstatements="3" conditionals="6" coveredconditionals="4" methods="1" coveredmethods="1"/>
        <line num="14" count="5" type="cond" truecount="2" falsecount="0"/>
        <line num="15" count="78" type="cond" truecount="1" falsecount="1"/>
        <line num="17" count="78" type="stmt"/>
      </file>
      <file name="Modal.tsx" path="/Users/vasco/Desktop/FlatFair/FlatFair/app/src/components/Modal.tsx">
        <metrics statements="2" coveredstatements="2" conditionals="8" coveredconditionals="7" methods="1" coveredmethods="1"/>
        <line num="16" count="2" type="stmt"/>
        <line num="17" count="17" type="stmt"/>
      </file>
      <file name="Navbar.tsx" path="/Users/vasco/Desktop/FlatFair/FlatFair/app/src/components/Navbar.tsx">
        <metrics statements="7" coveredstatements="7" conditionals="2" coveredconditionals="2" methods="3" coveredmethods="3"/>
        <line num="5" count="8" type="stmt"/>
        <line num="6" count="129" type="stmt"/>
        <line num="7" count="129" type="stmt"/>
        <line num="9" count="129" type="stmt"/>
        <line num="13" count="129" type="stmt"/>
        <line num="26" count="1" type="stmt"/>
        <line num="34" count="1" type="stmt"/>
      </file>
    </package>
    <package name="src.pages">
      <metrics statements="147" coveredstatements="140" conditionals="91" coveredconditionals="78" methods="39" coveredmethods="37"/>
      <file name="CreateAccount.tsx" path="/Users/vasco/Desktop/FlatFair/FlatFair/app/src/pages/CreateAccount.tsx">
        <metrics statements="23" coveredstatements="23" conditionals="22" coveredconditionals="20" methods="3" coveredmethods="3"/>
        <line num="16" count="2" type="stmt"/>
        <line num="23" count="2" type="stmt"/>
        <line num="24" count="14" type="stmt"/>
        <line num="25" count="13" type="stmt"/>
        <line num="27" count="13" type="stmt"/>
        <line num="40" count="13" type="stmt"/>
        <line num="41" count="4" type="stmt"/>
        <line num="42" count="4" type="stmt"/>
        <line num="43" count="4" type="stmt"/>
        <line num="46" count="4" type="stmt"/>
        <line num="52" count="2" type="stmt"/>
        <line num="55" count="2" type="cond" truecount="2" falsecount="0"/>
        <line num="56" count="1" type="stmt"/>
        <line num="59" count="1" type="stmt"/>
        <line num="63" count="1" type="stmt"/>
        <line num="65" count="1" type="cond" truecount="1" falsecount="1"/>
        <line num="66" count="1" type="stmt"/>
        <line num="70" count="2" type="stmt"/>
        <line num="73" count="2" type="stmt"/>
        <line num="75" count="2" type="stmt"/>
        <line num="80" count="4" type="stmt"/>
        <line num="84" count="13" type="stmt"/>
        <line num="97" count="398" type="stmt"/>
      </file>
      <file name="CreateGroup.tsx" path="/Users/vasco/Desktop/FlatFair/FlatFair/app/src/pages/CreateGroup.tsx">
        <metrics statements="30" coveredstatements="30" conditionals="26" coveredconditionals="24" methods="8" coveredmethods="8"/>
        <line num="17" count="2" type="stmt"/>
        <line num="23" count="2" type="stmt"/>
        <line num="24" count="43" type="stmt"/>
        <line num="25" count="42" type="stmt"/>
        <line num="26" count="42" type="stmt"/>
        <line num="27" count="42" type="stmt"/>
        <line num="29" count="42" type="stmt"/>
        <line num="40" count="639" type="cond" truecount="1" falsecount="1"/>
        <line num="45" count="42" type="stmt"/>
        <line num="46" count="8" type="stmt"/>
        <line num="49" count="8" type="stmt"/>
        <line num="55" count="8" type="stmt"/>
        <line num="57" count="8" type="stmt"/>
        <line num="62" count="5" type="stmt"/>
        <line num="65" count="5" type="stmt"/>
        <line num="83" count="5" type="stmt"/>
        <line num="84" count="5" type="stmt"/>
        <line num="86" count="3" type="stmt"/>
        <line num="91" count="8" type="stmt"/>
        <line num="92" count="8" type="stmt"/>
        <line num="93" count="8" type="stmt"/>
        <line num="97" count="42" type="stmt"/>
        <line num="98" count="19" type="cond" truecount="4" falsecount="0"/>
        <line num="99" count="16" type="stmt"/>
        <line num="100" count="16" type="stmt"/>
        <line num="104" count="42" type="stmt"/>
        <line num="130" count="991" type="stmt"/>
        <line num="175" count="19" type="stmt"/>
        <line num="176" count="16" type="stmt"/>
        <line num="190" count="167" type="stmt"/>
      </file>
      <file name="Dashboard.tsx" path="/Users/vasco/Desktop/FlatFair/FlatFair/app/src/pages/Dashboard.tsx">
        <metrics statements="32" coveredstatements="26" conditionals="18" coveredconditionals="12" methods="10" coveredmethods="9"/>
        <line num="15" count="2" type="stmt"/>
        <line num="16" count="24" type="stmt"/>
        <line num="17" count="23" type="stmt"/>
        <line num="20" count="23" type="stmt"/>
        <line num="21" count="23" type="stmt"/>
        <line num="23" count="23" type="stmt"/>
        <line num="24" count="13" type="stmt"/>
        <line num="25" count="13" type="stmt"/>
        <line num="26" count="13" type="stmt"/>
        <line num="27" count="12" type="stmt"/>
        <line num="29" count="12" type="cond" truecount="5" falsecount="0"/>
        <line num="30" count="10" type="stmt"/>
        <line num="31" count="10" type="cond" truecount="2" falsecount="0"/>
        <line num="33" count="2" type="stmt"/>
        <line num="36" count="1" type="stmt"/>
        <line num="40" count="13" type="stmt"/>
        <line num="43" count="23" type="stmt"/>
        <line num="44" count="23" type="stmt"/>
        <line num="47" count="0" type="stmt"/>
        <line num="48" count="0" type="stmt"/>
        <line num="49" count="0" type="cond" truecount="0" falsecount="2"/>
        <line num="50" count="0" type="cond" truecount="0" falsecount="2"/>
        <line num="51" count="0" type="cond" truecount="0" falsecount="2"/>
        <line num="52" count="0" type="stmt"/>
        <line num="55" count="23" type="stmt"/>
        <line num="78" count="2" type="stmt"/>
        <line num="88" count="18" type="stmt"/>
        <line num="131" count="9" type="stmt"/>
        <line num="136" count="16" type="stmt"/>
        <line num="137" count="16" type="stmt"/>
        <line num="144" count="1" type="stmt"/>
        <line num="154" count="2" type="stmt"/>
      </file>
      <file name="Home.tsx" path="/Users/vasco/Desktop/FlatFair/FlatFair/app/src/pages/Home.tsx">
        <metrics statements="31" coveredstatements="31" conditionals="13" coveredconditionals="11" methods="10" coveredmethods="10"/>
        <line num="12" count="1" type="stmt"/>
        <line num="13" count="21" type="stmt"/>
        <line num="14" count="20" type="stmt"/>
        <line num="17" count="20" type="stmt"/>
        <line num="18" count="20" type="stmt"/>
        <line num="19" count="12" type="stmt"/>
        <line num="20" count="12" type="stmt"/>
        <line num="21" count="12" type="stmt"/>
        <line num="26" count="11" type="cond" truecount="2" falsecount="0"/>
        <line num="27" count="1" type="stmt"/>
        <line num="30" count="10" type="stmt"/>
        <line num="31" count="10" type="stmt"/>
        <line num="33" count="10" type="stmt"/>
        <line num="35" count="2" type="stmt"/>
        <line num="39" count="12" type="stmt"/>
        <line num="42" count="20" type="stmt"/>
        <line num="52" count="20" type="stmt"/>
        <line num="124" count="140" type="stmt"/>
        <line num="125" count="140" type="stmt"/>
        <line num="126" count="140" type="cond" truecount="1" falsecount="1"/>
        <line num="127" count="140" type="cond" truecount="1" falsecount="1"/>
        <line num="128" count="140" type="cond" truecount="2" falsecount="0"/>
        <line num="129" count="140" type="stmt"/>
        <line num="132" count="20" type="stmt"/>
        <line num="158" count="1" type="stmt"/>
        <line num="168" count="140" type="stmt"/>
        <line num="209" count="11" type="stmt"/>
        <line num="213" count="20" type="stmt"/>
        <line num="214" count="20" type="stmt"/>
        <line num="220" count="1" type="stmt"/>
        <line num="230" count="1" type="stmt"/>
      </file>
      <file name="Landing.tsx" path="/Users/vasco/Desktop/FlatFair/FlatFair/app/src/pages/Landing.tsx">
        <metrics statements="4" coveredstatements="3" conditionals="0" coveredconditionals="0" methods="2" coveredmethods="1"/>
        <line num="4" count="2" type="stmt"/>
        <line num="5" count="4" type="stmt"/>
        <line num="6" count="4" type="stmt"/>
        <line num="16" count="0" type="stmt"/>
      </file>
      <file name="Login.tsx" path="/Users/vasco/Desktop/FlatFair/FlatFair/app/src/pages/Login.tsx">
        <metrics statements="20" coveredstatements="20" conditionals="12" coveredconditionals="11" methods="3" coveredmethods="3"/>
        <line num="16" count="2" type="stmt"/>
        <line num="21" count="2" type="stmt"/>
        <line num="22" count="16" type="stmt"/>
        <line num="23" count="15" type="stmt"/>
        <line num="24" count="15" type="stmt"/>
        <line num="26" count="15" type="stmt"/>
        <line num="33" count="15" type="stmt"/>
        <line num="34" count="5" type="stmt"/>
        <line num="35" count="5" type="stmt"/>
        <line num="37" count="5" type="stmt"/>
        <line num="38" count="3" type="stmt"/>
        <line num="39" count="3" type="stmt"/>
        <line num="40" count="3" type="stmt"/>
        <line num="42" count="2" type="stmt"/>
        <line num="43" count="2" type="stmt"/>
        <line num="45" count="5" type="stmt"/>
        <line num="46" count="5" type="stmt"/>
        <line num="47" count="5" type="stmt"/>
        <line num="50" count="15" type="stmt"/>
        <line num="63" count="267" type="stmt"/>
      </file>
      <file name="Logout.tsx" path="/Users/vasco/Desktop/FlatFair/FlatFair/app/src/pages/Logout.tsx">
        <metrics statements="7" coveredstatements="7" conditionals="0" coveredconditionals="0" methods="3" coveredmethods="3"/>
        <line num="4" count="2" type="stmt"/>
        <line num="5" count="2" type="stmt"/>
        <line num="6" count="2" type="stmt"/>
        <line num="8" count="2" type="stmt"/>
        <line num="9" count="2" type="stmt"/>
        <line num="12" count="2" type="stmt"/>
        <line num="24" count="1" type="stmt"/>
      </file>
    </package>
  </project>
</coverage>
