{"/Users/vasco/Desktop/FlatFair/FlatFair/app/src/App.tsx": {"path":"/Users/vasco/Desktop/FlatFair/FlatFair/app/src/App.tsx","statementMap":{"0":{"start":{"line":12,"column":2},"end":{"line":24,"column":3}}},"fnMap":{"0":{"name":"App","decl":{"start":{"line":11,"column":9},"end":{"line":11,"column":12}},"loc":{"start":{"line":11,"column":29},"end":{"line":25,"column":1}},"line":11}},"branchMap":{},"s":{"0":2},"f":{"0":2},"b":{},"_coverageSchema":"1a1c01bbd47fc00a2c39e90264f33305004495a9","hash":"f6491b87d83eb3dbcd0a3c40d71ba9877d7335b1"}
,"/Users/vasco/Desktop/FlatFair/FlatFair/app/src/components/AsyncSubmit.tsx": {"path":"/Users/vasco/Desktop/FlatFair/FlatFair/app/src/components/AsyncSubmit.tsx","statementMap":{"0":{"start":{"line":4,"column":20},"end":{"line":14,"column":1}},"1":{"start":{"line":5,"column":2},"end":{"line":13,"column":3}}},"fnMap":{"0":{"name":"(anonymous_0)","decl":{"start":{"line":4,"column":20},"end":{"line":4,"column":21}},"loc":{"start":{"line":4,"column":67},"end":{"line":14,"column":1}},"line":4}},"branchMap":{"0":{"loc":{"start":{"line":7,"column":7},"end":{"line":11,"column":7}},"type":"binary-expr","locations":[{"start":{"line":7,"column":7},"end":{"line":7,"column":20}},{"start":{"line":8,"column":8},"end":{"line":10,"column":14}}],"line":7}},"s":{"0":5,"1":0},"f":{"0":0},"b":{"0":[0,0]},"_coverageSchema":"1a1c01bbd47fc00a2c39e90264f33305004495a9","hash":"44009c23b9b584d2460d549abd9b1ed8faef06fa"}
,"/Users/vasco/Desktop/FlatFair/FlatFair/app/src/components/ErrorBoundary.tsx": {"path":"/Users/vasco/Desktop/FlatFair/FlatFair/app/src/components/ErrorBoundary.tsx","statementMap":{"0":{"start":{"line":13,"column":26},"end":{"line":15,"column":5}},"1":{"start":{"line":18,"column":8},"end":{"line":18,"column":41}},"2":{"start":{"line":22,"column":8},"end":{"line":22,"column":59}},"3":{"start":{"line":26,"column":8},"end":{"line":33,"column":9}},"4":{"start":{"line":27,"column":12},"end":{"line":32,"column":14}},"5":{"start":{"line":35,"column":8},"end":{"line":35,"column":35}}},"fnMap":{"0":{"name":"(anonymous_0)","decl":{"start":{"line":17,"column":4},"end":{"line":17,"column":5}},"loc":{"start":{"line":17,"column":64},"end":{"line":19,"column":5}},"line":17},"1":{"name":"(anonymous_1)","decl":{"start":{"line":21,"column":4},"end":{"line":21,"column":5}},"loc":{"start":{"line":21,"column":65},"end":{"line":23,"column":5}},"line":21},"2":{"name":"(anonymous_2)","decl":{"start":{"line":25,"column":4},"end":{"line":25,"column":5}},"loc":{"start":{"line":25,"column":20},"end":{"line":36,"column":5}},"line":25}},"branchMap":{"0":{"loc":{"start":{"line":26,"column":8},"end":{"line":33,"column":9}},"type":"if","locations":[{"start":{"line":26,"column":8},"end":{"line":33,"column":9}},{"start":{},"end":{}}],"line":26}},"s":{"0":3,"1":2,"2":1,"3":5,"4":2,"5":3},"f":{"0":2,"1":1,"2":5},"b":{"0":[2,3]},"_coverageSchema":"1a1c01bbd47fc00a2c39e90264f33305004495a9","hash":"7daa463ca896381f8a790579089a68b64ebfa890"}
,"/Users/vasco/Desktop/FlatFair/FlatFair/app/src/components/Icon.tsx": {"path":"/Users/vasco/Desktop/FlatFair/FlatFair/app/src/components/Icon.tsx","statementMap":{"0":{"start":{"line":14,"column":28},"end":{"line":22,"column":1}},"1":{"start":{"line":15,"column":20},"end":{"line":15,"column":58}},"2":{"start":{"line":17,"column":2},"end":{"line":21,"column":3}}},"fnMap":{"0":{"name":"(anonymous_0)","decl":{"start":{"line":14,"column":28},"end":{"line":14,"column":29}},"loc":{"start":{"line":14,"column":71},"end":{"line":22,"column":1}},"line":14}},"branchMap":{"0":{"loc":{"start":{"line":14,"column":38},"end":{"line":14,"column":53}},"type":"default-arg","locations":[{"start":{"line":14,"column":48},"end":{"line":14,"column":53}}],"line":14},"1":{"loc":{"start":{"line":14,"column":55},"end":{"line":14,"column":64}},"type":"default-arg","locations":[{"start":{"line":14,"column":62},"end":{"line":14,"column":64}}],"line":14},"2":{"loc":{"start":{"line":15,"column":25},"end":{"line":15,"column":44}},"type":"cond-expr","locations":[{"start":{"line":15,"column":35},"end":{"line":15,"column":38}},{"start":{"line":15,"column":41},"end":{"line":15,"column":44}}],"line":15},"3":{"loc":{"start":{"line":19,"column":53},"end":{"line":19,"column":76}},"type":"cond-expr","locations":[{"start":{"line":19,"column":67},"end":{"line":19,"column":71}},{"start":{"line":19,"column":74},"end":{"line":19,"column":76}}],"line":19}},"s":{"0":5,"1":78,"2":78},"f":{"0":78},"b":{"0":[78],"1":[78],"2":[0,78],"3":[0,78]},"_coverageSchema":"1a1c01bbd47fc00a2c39e90264f33305004495a9","hash":"8e082d6c48b63bd22d347e3b977a097136f84a2c"}
,"/Users/vasco/Desktop/FlatFair/FlatFair/app/src/components/Modal.tsx": {"path":"/Users/vasco/Desktop/FlatFair/FlatFair/app/src/components/Modal.tsx","statementMap":{"0":{"start":{"line":16,"column":14},"end":{"line":40,"column":1}},"1":{"start":{"line":17,"column":2},"end":{"line":39,"column":3}}},"fnMap":{"0":{"name":"(anonymous_0)","decl":{"start":{"line":16,"column":14},"end":{"line":16,"column":15}},"loc":{"start":{"line":16,"column":51},"end":{"line":40,"column":1}},"line":16}},"branchMap":{"0":{"loc":{"start":{"line":22,"column":10},"end":{"line":22,"column":51}},"type":"cond-expr","locations":[{"start":{"line":22,"column":33},"end":{"line":22,"column":46}},{"start":{"line":22,"column":49},"end":{"line":22,"column":51}}],"line":22},"1":{"loc":{"start":{"line":22,"column":10},"end":{"line":22,"column":30}},"type":"binary-expr","locations":[{"start":{"line":22,"column":10},"end":{"line":22,"column":21}},{"start":{"line":22,"column":25},"end":{"line":22,"column":30}}],"line":22},"2":{"loc":{"start":{"line":28,"column":9},"end":{"line":32,"column":9}},"type":"binary-expr","locations":[{"start":{"line":28,"column":9},"end":{"line":28,"column":29}},{"start":{"line":29,"column":10},"end":{"line":31,"column":16}}],"line":28},"3":{"loc":{"start":{"line":33,"column":9},"end":{"line":35,"column":9}},"type":"binary-expr","locations":[{"start":{"line":33,"column":9},"end":{"line":33,"column":32}},{"start":{"line":34,"column":10},"end":{"line":34,"column":65}}],"line":33}},"s":{"0":2,"1":17},"f":{"0":17},"b":{"0":[0,16],"1":[16,16],"2":[16,16],"3":[16,16]},"_coverageSchema":"1a1c01bbd47fc00a2c39e90264f33305004495a9","hash":"5d3f53134c38b67546798feb2f2b091fd3382344"}
,"/Users/vasco/Desktop/FlatFair/FlatFair/app/src/components/Navbar.tsx": {"path":"/Users/vasco/Desktop/FlatFair/FlatFair/app/src/components/Navbar.tsx","statementMap":{"0":{"start":{"line":5,"column":15},"end":{"line":45,"column":1}},"1":{"start":{"line":6,"column":19},"end":{"line":6,"column":32}},"2":{"start":{"line":7,"column":21},"end":{"line":7,"column":52}},"3":{"start":{"line":9,"column":2},"end":{"line":9,"column":42}},"4":{"start":{"line":13,"column":2},"end":{"line":44,"column":3}},"5":{"start":{"line":26,"column":18},"end":{"line":26,"column":40}},"6":{"start":{"line":34,"column":18},"end":{"line":34,"column":37}}},"fnMap":{"0":{"name":"(anonymous_0)","decl":{"start":{"line":5,"column":15},"end":{"line":5,"column":16}},"loc":{"start":{"line":5,"column":35},"end":{"line":45,"column":1}},"line":5},"1":{"name":"(anonymous_1)","decl":{"start":{"line":25,"column":25},"end":{"line":25,"column":26}},"loc":{"start":{"line":25,"column":31},"end":{"line":27,"column":17}},"line":25},"2":{"name":"(anonymous_2)","decl":{"start":{"line":33,"column":25},"end":{"line":33,"column":26}},"loc":{"start":{"line":33,"column":31},"end":{"line":35,"column":17}},"line":33}},"branchMap":{"0":{"loc":{"start":{"line":21,"column":11},"end":{"line":40,"column":11}},"type":"binary-expr","locations":[{"start":{"line":21,"column":11},"end":{"line":21,"column":21}},{"start":{"line":22,"column":12},"end":{"line":39,"column":18}}],"line":21}},"s":{"0":8,"1":129,"2":129,"3":129,"4":129,"5":1,"6":1},"f":{"0":129,"1":1,"2":1},"b":{"0":[129,2]},"_coverageSchema":"1a1c01bbd47fc00a2c39e90264f33305004495a9","hash":"f5fd6d9897c31cfec9eb34241d9b531dae2cf800"}
,"/Users/vasco/Desktop/FlatFair/FlatFair/app/src/pages/CreateAccount.tsx": {"path":"/Users/vasco/Desktop/FlatFair/FlatFair/app/src/pages/CreateAccount.tsx","statementMap":{"0":{"start":{"line":16,"column":47},"end":{"line":21,"column":1}},"1":{"start":{"line":23,"column":22},"end":{"line":175,"column":1}},"2":{"start":{"line":24,"column":36},"end":{"line":24,"column":60}},"3":{"start":{"line":25,"column":19},"end":{"line":25,"column":32}},"4":{"start":{"line":27,"column":27},"end":{"line":38,"column":4}},"5":{"start":{"line":40,"column":23},"end":{"line":82,"column":3}},"6":{"start":{"line":41,"column":4},"end":{"line":41,"column":22}},"7":{"start":{"line":42,"column":4},"end":{"line":81,"column":5}},"8":{"start":{"line":43,"column":6},"end":{"line":43,"column":56}},"9":{"start":{"line":46,"column":23},"end":{"line":50,"column":8}},"10":{"start":{"line":52,"column":6},"end":{"line":52,"column":60}},"11":{"start":{"line":55,"column":6},"end":{"line":68,"column":7}},"12":{"start":{"line":56,"column":8},"end":{"line":56,"column":53}},"13":{"start":{"line":59,"column":30},"end":{"line":62,"column":10}},"14":{"start":{"line":63,"column":8},"end":{"line":63,"column":53}},"15":{"start":{"line":65,"column":8},"end":{"line":67,"column":9}},"16":{"start":{"line":66,"column":10},"end":{"line":66,"column":60}},"17":{"start":{"line":70,"column":6},"end":{"line":70,"column":66}},"18":{"start":{"line":73,"column":6},"end":{"line":73,"column":28}},"19":{"start":{"line":75,"column":6},"end":{"line":78,"column":7}},"20":{"start":{"line":80,"column":6},"end":{"line":80,"column":25}},"21":{"start":{"line":84,"column":2},"end":{"line":174,"column":3}},"22":{"start":{"line":97,"column":16},"end":{"line":167,"column":23}}},"fnMap":{"0":{"name":"(anonymous_0)","decl":{"start":{"line":23,"column":22},"end":{"line":23,"column":23}},"loc":{"start":{"line":23,"column":42},"end":{"line":175,"column":1}},"line":23},"1":{"name":"(anonymous_1)","decl":{"start":{"line":40,"column":23},"end":{"line":40,"column":24}},"loc":{"start":{"line":40,"column":66},"end":{"line":82,"column":3}},"line":40},"2":{"name":"(anonymous_2)","decl":{"start":{"line":96,"column":15},"end":{"line":96,"column":16}},"loc":{"start":{"line":97,"column":16},"end":{"line":167,"column":23}},"line":97}},"branchMap":{"0":{"loc":{"start":{"line":55,"column":6},"end":{"line":68,"column":7}},"type":"if","locations":[{"start":{"line":55,"column":6},"end":{"line":68,"column":7}},{"start":{"line":57,"column":13},"end":{"line":68,"column":7}}],"line":55},"1":{"loc":{"start":{"line":65,"column":8},"end":{"line":67,"column":9}},"type":"if","locations":[{"start":{"line":65,"column":8},"end":{"line":67,"column":9}},{"start":{},"end":{}}],"line":65},"2":{"loc":{"start":{"line":77,"column":8},"end":{"line":77,"column":63}},"type":"binary-expr","locations":[{"start":{"line":77,"column":8},"end":{"line":77,"column":37}},{"start":{"line":77,"column":41},"end":{"line":77,"column":63}}],"line":77},"3":{"loc":{"start":{"line":107,"column":21},"end":{"line":109,"column":21}},"type":"binary-expr","locations":[{"start":{"line":107,"column":21},"end":{"line":107,"column":33}},{"start":{"line":107,"column":37},"end":{"line":107,"column":50}},{"start":{"line":108,"column":22},"end":{"line":108,"column":70}}],"line":107},"4":{"loc":{"start":{"line":120,"column":21},"end":{"line":122,"column":21}},"type":"binary-expr","locations":[{"start":{"line":120,"column":21},"end":{"line":120,"column":32}},{"start":{"line":120,"column":36},"end":{"line":120,"column":48}},{"start":{"line":121,"column":22},"end":{"line":121,"column":69}}],"line":120},"5":{"loc":{"start":{"line":133,"column":21},"end":{"line":135,"column":21}},"type":"binary-expr","locations":[{"start":{"line":133,"column":21},"end":{"line":133,"column":36}},{"start":{"line":133,"column":40},"end":{"line":133,"column":56}},{"start":{"line":134,"column":22},"end":{"line":134,"column":73}}],"line":133},"6":{"loc":{"start":{"line":146,"column":21},"end":{"line":148,"column":21}},"type":"binary-expr","locations":[{"start":{"line":146,"column":21},"end":{"line":146,"column":43}},{"start":{"line":146,"column":47},"end":{"line":146,"column":70}},{"start":{"line":147,"column":22},"end":{"line":147,"column":80}}],"line":146},"7":{"loc":{"start":{"line":153,"column":30},"end":{"line":153,"column":51}},"type":"binary-expr","locations":[{"start":{"line":153,"column":30},"end":{"line":153,"column":38}},{"start":{"line":153,"column":42},"end":{"line":153,"column":51}}],"line":153},"8":{"loc":{"start":{"line":155,"column":21},"end":{"line":159,"column":21}},"type":"cond-expr","locations":[{"start":{"line":156,"column":22},"end":{"line":156,"column":57}},{"start":{"line":158,"column":22},"end":{"line":158,"column":38}}],"line":155}},"s":{"0":2,"1":2,"2":14,"3":13,"4":13,"5":13,"6":4,"7":4,"8":4,"9":4,"10":2,"11":2,"12":1,"13":1,"14":1,"15":1,"16":1,"17":2,"18":2,"19":2,"20":4,"21":13,"22":398},"f":{"0":14,"1":4,"2":398},"b":{"0":[1,1],"1":[1,0],"2":[2,1],"3":[398,97,2],"4":[398,169,1],"5":[398,232,2],"6":[398,369,2],"7":[398,29],"8":[0,398]},"_coverageSchema":"1a1c01bbd47fc00a2c39e90264f33305004495a9","hash":"f498900cee56d8233ce81439d9e08354b05b78dc"}
,"/Users/vasco/Desktop/FlatFair/FlatFair/app/src/pages/CreateGroup.tsx": {"path":"/Users/vasco/Desktop/FlatFair/FlatFair/app/src/pages/CreateGroup.tsx","statementMap":{"0":{"start":{"line":17,"column":39},"end":{"line":21,"column":1}},"1":{"start":{"line":23,"column":20},"end":{"line":224,"column":1}},"2":{"start":{"line":24,"column":36},"end":{"line":24,"column":60}},"3":{"start":{"line":25,"column":32},"end":{"line":25,"column":56}},"4":{"start":{"line":26,"column":32},"end":{"line":26,"column":54}},"5":{"start":{"line":27,"column":19},"end":{"line":27,"column":32}},"6":{"start":{"line":29,"column":27},"end":{"line":43,"column":4}},"7":{"start":{"line":40,"column":10},"end":{"line":40,"column":51}},"8":{"start":{"line":45,"column":23},"end":{"line":95,"column":3}},"9":{"start":{"line":46,"column":4},"end":{"line":46,"column":22}},"10":{"start":{"line":49,"column":22},"end":{"line":53,"column":5}},"11":{"start":{"line":55,"column":4},"end":{"line":94,"column":5}},"12":{"start":{"line":57,"column":23},"end":{"line":60,"column":7}},"13":{"start":{"line":62,"column":6},"end":{"line":62,"column":58}},"14":{"start":{"line":65,"column":6},"end":{"line":65,"column":22}},"15":{"start":{"line":83,"column":6},"end":{"line":83,"column":17}},"16":{"start":{"line":84,"column":6},"end":{"line":84,"column":20}},"17":{"start":{"line":86,"column":6},"end":{"line":89,"column":7}},"18":{"start":{"line":91,"column":6},"end":{"line":91,"column":25}},"19":{"start":{"line":92,"column":6},"end":{"line":92,"column":25}},"20":{"start":{"line":93,"column":6},"end":{"line":93,"column":28}},"21":{"start":{"line":97,"column":20},"end":{"line":102,"column":3}},"22":{"start":{"line":98,"column":4},"end":{"line":101,"column":5}},"23":{"start":{"line":99,"column":6},"end":{"line":99,"column":37}},"24":{"start":{"line":100,"column":6},"end":{"line":100,"column":18}},"25":{"start":{"line":104,"column":2},"end":{"line":223,"column":3}},"26":{"start":{"line":130,"column":16},"end":{"line":216,"column":23}},"27":{"start":{"line":175,"column":26},"end":{"line":177,"column":27}},"28":{"start":{"line":176,"column":28},"end":{"line":176,"column":65}},"29":{"start":{"line":190,"column":24},"end":{"line":195,"column":31}}},"fnMap":{"0":{"name":"(anonymous_0)","decl":{"start":{"line":23,"column":20},"end":{"line":23,"column":21}},"loc":{"start":{"line":23,"column":40},"end":{"line":224,"column":1}},"line":23},"1":{"name":"(anonymous_1)","decl":{"start":{"line":38,"column":8},"end":{"line":38,"column":9}},"loc":{"start":{"line":38,"column":25},"end":{"line":41,"column":9}},"line":38},"2":{"name":"(anonymous_2)","decl":{"start":{"line":45,"column":23},"end":{"line":45,"column":24}},"loc":{"start":{"line":45,"column":78},"end":{"line":95,"column":3}},"line":45},"3":{"name":"(anonymous_3)","decl":{"start":{"line":97,"column":20},"end":{"line":97,"column":21}},"loc":{"start":{"line":97,"column":63},"end":{"line":102,"column":3}},"line":97},"4":{"name":"(anonymous_4)","decl":{"start":{"line":119,"column":15},"end":{"line":119,"column":16}},"loc":{"start":{"line":130,"column":16},"end":{"line":216,"column":23}},"line":130},"5":{"name":"(anonymous_5)","decl":{"start":{"line":174,"column":33},"end":{"line":174,"column":34}},"loc":{"start":{"line":174,"column":39},"end":{"line":178,"column":25}},"line":174},"6":{"name":"(anonymous_6)","decl":{"start":{"line":175,"column":61},"end":{"line":175,"column":62}},"loc":{"start":{"line":176,"column":28},"end":{"line":176,"column":65}},"line":176},"7":{"name":"(anonymous_7)","decl":{"start":{"line":189,"column":35},"end":{"line":189,"column":36}},"loc":{"start":{"line":190,"column":24},"end":{"line":195,"column":31}},"line":190}},"branchMap":{"0":{"loc":{"start":{"line":40,"column":17},"end":{"line":40,"column":51}},"type":"binary-expr","locations":[{"start":{"line":40,"column":17},"end":{"line":40,"column":29}},{"start":{"line":40,"column":33},"end":{"line":40,"column":51}}],"line":40},"1":{"loc":{"start":{"line":88,"column":8},"end":{"line":88,"column":63}},"type":"binary-expr","locations":[{"start":{"line":88,"column":8},"end":{"line":88,"column":37}},{"start":{"line":88,"column":41},"end":{"line":88,"column":63}}],"line":88},"2":{"loc":{"start":{"line":98,"column":4},"end":{"line":101,"column":5}},"type":"if","locations":[{"start":{"line":98,"column":4},"end":{"line":101,"column":5}},{"start":{},"end":{}}],"line":98},"3":{"loc":{"start":{"line":98,"column":8},"end":{"line":98,"column":41}},"type":"binary-expr","locations":[{"start":{"line":98,"column":8},"end":{"line":98,"column":13}},{"start":{"line":98,"column":17},"end":{"line":98,"column":41}}],"line":98},"4":{"loc":{"start":{"line":140,"column":21},"end":{"line":142,"column":21}},"type":"binary-expr","locations":[{"start":{"line":140,"column":21},"end":{"line":140,"column":37}},{"start":{"line":140,"column":41},"end":{"line":140,"column":58}},{"start":{"line":141,"column":22},"end":{"line":141,"column":74}}],"line":140},"5":{"loc":{"start":{"line":153,"column":21},"end":{"line":157,"column":21}},"type":"binary-expr","locations":[{"start":{"line":153,"column":21},"end":{"line":153,"column":44}},{"start":{"line":153,"column":48},"end":{"line":153,"column":72}},{"start":{"line":154,"column":22},"end":{"line":156,"column":28}}],"line":153},"6":{"loc":{"start":{"line":183,"column":21},"end":{"line":187,"column":21}},"type":"binary-expr","locations":[{"start":{"line":183,"column":21},"end":{"line":183,"column":44}},{"start":{"line":183,"column":48},"end":{"line":183,"column":72}},{"start":{"line":184,"column":22},"end":{"line":186,"column":28}}],"line":183},"7":{"loc":{"start":{"line":192,"column":27},"end":{"line":194,"column":27}},"type":"binary-expr","locations":[{"start":{"line":192,"column":27},"end":{"line":192,"column":53}},{"start":{"line":193,"column":28},"end":{"line":193,"column":66}}],"line":192},"8":{"loc":{"start":{"line":202,"column":30},"end":{"line":202,"column":75}},"type":"binary-expr","locations":[{"start":{"line":202,"column":30},"end":{"line":202,"column":38}},{"start":{"line":202,"column":42},"end":{"line":202,"column":62}},{"start":{"line":202,"column":66},"end":{"line":202,"column":75}}],"line":202},"9":{"loc":{"start":{"line":204,"column":21},"end":{"line":208,"column":21}},"type":"cond-expr","locations":[{"start":{"line":205,"column":22},"end":{"line":205,"column":57}},{"start":{"line":207,"column":22},"end":{"line":207,"column":36}}],"line":204},"10":{"loc":{"start":{"line":211,"column":19},"end":{"line":215,"column":19}},"type":"binary-expr","locations":[{"start":{"line":211,"column":19},"end":{"line":211,"column":26}},{"start":{"line":212,"column":20},"end":{"line":214,"column":26}}],"line":211}},"s":{"0":2,"1":2,"2":43,"3":42,"4":42,"5":42,"6":42,"7":639,"8":42,"9":8,"10":8,"11":8,"12":8,"13":5,"14":5,"15":5,"16":5,"17":3,"18":8,"19":8,"20":8,"21":42,"22":19,"23":16,"24":16,"25":42,"26":991,"27":19,"28":16,"29":167},"f":{"0":43,"1":639,"2":8,"3":19,"4":991,"5":19,"6":16,"7":167},"b":{"0":[639,0],"1":[3,2],"2":[16,3],"3":[19,17],"4":[991,224,1],"5":[991,411,1],"6":[991,204,19],"7":[167,1],"8":[991,480,45],"9":[0,991],"10":[991,4]},"_coverageSchema":"1a1c01bbd47fc00a2c39e90264f33305004495a9","hash":"652199b9c88be7fc7aff5a2218c564e387e4a7db"}
,"/Users/vasco/Desktop/FlatFair/FlatFair/app/src/pages/Dashboard.tsx": {"path":"/Users/vasco/Desktop/FlatFair/FlatFair/app/src/pages/Dashboard.tsx","statementMap":{"0":{"start":{"line":15,"column":18},"end":{"line":166,"column":1}},"1":{"start":{"line":16,"column":32},"end":{"line":16,"column":47}},"2":{"start":{"line":17,"column":19},"end":{"line":17,"column":32}},"3":{"start":{"line":20,"column":34},"end":{"line":20,"column":53}},"4":{"start":{"line":21,"column":42},"end":{"line":21,"column":66}},"5":{"start":{"line":23,"column":2},"end":{"line":41,"column":8}},"6":{"start":{"line":24,"column":26},"end":{"line":38,"column":5}},"7":{"start":{"line":25,"column":6},"end":{"line":37,"column":7}},"8":{"start":{"line":26,"column":25},"end":{"line":26,"column":56}},"9":{"start":{"line":27,"column":8},"end":{"line":27,"column":47}},"10":{"start":{"line":29,"column":8},"end":{"line":34,"column":9}},"11":{"start":{"line":30,"column":10},"end":{"line":30,"column":48}},"12":{"start":{"line":31,"column":10},"end":{"line":31,"column":67}},"13":{"start":{"line":33,"column":10},"end":{"line":33,"column":64}},"14":{"start":{"line":36,"column":8},"end":{"line":36,"column":57}},"15":{"start":{"line":40,"column":4},"end":{"line":40,"column":19}},"16":{"start":{"line":43,"column":2},"end":{"line":43,"column":41}},"17":{"start":{"line":44,"column":2},"end":{"line":44,"column":27}},"18":{"start":{"line":47,"column":18},"end":{"line":47,"column":33}},"19":{"start":{"line":48,"column":20},"end":{"line":48,"column":37}},"20":{"start":{"line":49,"column":19},"end":{"line":49,"column":44}},"21":{"start":{"line":50,"column":27},"end":{"line":50,"column":43}},"22":{"start":{"line":51,"column":29},"end":{"line":51,"column":67}},"23":{"start":{"line":52,"column":4},"end":{"line":52,"column":60}},"24":{"start":{"line":55,"column":2},"end":{"line":165,"column":3}},"25":{"start":{"line":78,"column":31},"end":{"line":78,"column":51}},"26":{"start":{"line":88,"column":14},"end":{"line":115,"column":20}},"27":{"start":{"line":131,"column":18},"end":{"line":149,"column":24}},"28":{"start":{"line":136,"column":39},"end":{"line":136,"column":54}},"29":{"start":{"line":137,"column":26},"end":{"line":137,"column":42}},"30":{"start":{"line":144,"column":24},"end":{"line":144,"column":55}},"31":{"start":{"line":154,"column":18},"end":{"line":154,"column":43}}},"fnMap":{"0":{"name":"(anonymous_0)","decl":{"start":{"line":15,"column":18},"end":{"line":15,"column":19}},"loc":{"start":{"line":15,"column":24},"end":{"line":166,"column":1}},"line":15},"1":{"name":"(anonymous_1)","decl":{"start":{"line":23,"column":12},"end":{"line":23,"column":13}},"loc":{"start":{"line":23,"column":18},"end":{"line":41,"column":3}},"line":23},"2":{"name":"(anonymous_2)","decl":{"start":{"line":24,"column":26},"end":{"line":24,"column":27}},"loc":{"start":{"line":24,"column":38},"end":{"line":38,"column":5}},"line":24},"3":{"name":"formatTime","decl":{"start":{"line":46,"column":11},"end":{"line":46,"column":21}},"loc":{"start":{"line":46,"column":42},"end":{"line":53,"column":3}},"line":46},"4":{"name":"(anonymous_4)","decl":{"start":{"line":78,"column":25},"end":{"line":78,"column":26}},"loc":{"start":{"line":78,"column":31},"end":{"line":78,"column":51}},"line":78},"5":{"name":"(anonymous_5)","decl":{"start":{"line":87,"column":30},"end":{"line":87,"column":31}},"loc":{"start":{"line":88,"column":14},"end":{"line":115,"column":20}},"line":88},"6":{"name":"(anonymous_6)","decl":{"start":{"line":130,"column":36},"end":{"line":130,"column":37}},"loc":{"start":{"line":131,"column":18},"end":{"line":149,"column":24}},"line":131},"7":{"name":"(anonymous_7)","decl":{"start":{"line":135,"column":29},"end":{"line":135,"column":30}},"loc":{"start":{"line":135,"column":41},"end":{"line":138,"column":25}},"line":135},"8":{"name":"(anonymous_8)","decl":{"start":{"line":143,"column":31},"end":{"line":143,"column":32}},"loc":{"start":{"line":143,"column":37},"end":{"line":145,"column":23}},"line":143},"9":{"name":"(anonymous_9)","decl":{"start":{"line":153,"column":25},"end":{"line":153,"column":26}},"loc":{"start":{"line":153,"column":31},"end":{"line":155,"column":17}},"line":153}},"branchMap":{"0":{"loc":{"start":{"line":29,"column":8},"end":{"line":34,"column":9}},"type":"if","locations":[{"start":{"line":29,"column":8},"end":{"line":34,"column":9}},{"start":{"line":32,"column":15},"end":{"line":34,"column":9}}],"line":29},"1":{"loc":{"start":{"line":29,"column":12},"end":{"line":29,"column":66}},"type":"binary-expr","locations":[{"start":{"line":29,"column":12},"end":{"line":29,"column":20}},{"start":{"line":29,"column":24},"end":{"line":29,"column":37}},{"start":{"line":29,"column":41},"end":{"line":29,"column":66}}],"line":29},"2":{"loc":{"start":{"line":31,"column":26},"end":{"line":31,"column":66}},"type":"binary-expr","locations":[{"start":{"line":31,"column":26},"end":{"line":31,"column":60}},{"start":{"line":31,"column":64},"end":{"line":31,"column":66}}],"line":31},"3":{"loc":{"start":{"line":49,"column":19},"end":{"line":49,"column":44}},"type":"cond-expr","locations":[{"start":{"line":49,"column":33},"end":{"line":49,"column":37}},{"start":{"line":49,"column":40},"end":{"line":49,"column":44}}],"line":49},"4":{"loc":{"start":{"line":50,"column":27},"end":{"line":50,"column":43}},"type":"binary-expr","locations":[{"start":{"line":50,"column":27},"end":{"line":50,"column":37}},{"start":{"line":50,"column":41},"end":{"line":50,"column":43}}],"line":50},"5":{"loc":{"start":{"line":51,"column":29},"end":{"line":51,"column":67}},"type":"cond-expr","locations":[{"start":{"line":51,"column":44},"end":{"line":51,"column":57}},{"start":{"line":51,"column":60},"end":{"line":51,"column":67}}],"line":51},"6":{"loc":{"start":{"line":109,"column":20},"end":{"line":109,"column":74}},"type":"cond-expr","locations":[{"start":{"line":109,"column":55},"end":{"line":109,"column":63}},{"start":{"line":109,"column":66},"end":{"line":109,"column":74}}],"line":109},"7":{"loc":{"start":{"line":128,"column":15},"end":{"line":150,"column":18}},"type":"binary-expr","locations":[{"start":{"line":128,"column":15},"end":{"line":128,"column":23}},{"start":{"line":129,"column":16},"end":{"line":129,"column":31}},{"start":{"line":130,"column":16},"end":{"line":150,"column":18}}],"line":128}},"s":{"0":2,"1":24,"2":23,"3":23,"4":23,"5":23,"6":13,"7":13,"8":13,"9":12,"10":12,"11":10,"12":10,"13":2,"14":1,"15":13,"16":23,"17":23,"18":0,"19":0,"20":0,"21":0,"22":0,"23":0,"24":23,"25":2,"26":18,"27":9,"28":16,"29":16,"30":1,"31":2},"f":{"0":24,"1":13,"2":13,"3":0,"4":2,"5":18,"6":9,"7":16,"8":1,"9":2},"b":{"0":[10,2],"1":[12,11,11],"2":[10,1],"3":[0,0],"4":[0,0],"5":[0,0],"6":[9,9],"7":[23,10,10]},"_coverageSchema":"1a1c01bbd47fc00a2c39e90264f33305004495a9","hash":"4c60330030d2bafa1c823d3bc13cf40c5da013c1"}
,"/Users/vasco/Desktop/FlatFair/FlatFair/app/src/pages/Home.tsx": {"path":"/Users/vasco/Desktop/FlatFair/FlatFair/app/src/pages/Home.tsx","statementMap":{"0":{"start":{"line":12,"column":13},"end":{"line":242,"column":1}},"1":{"start":{"line":13,"column":32},"end":{"line":13,"column":47}},"2":{"start":{"line":14,"column":19},"end":{"line":14,"column":32}},"3":{"start":{"line":17,"column":34},"end":{"line":17,"column":53}},"4":{"start":{"line":18,"column":2},"end":{"line":40,"column":9}},"5":{"start":{"line":19,"column":26},"end":{"line":37,"column":5}},"6":{"start":{"line":20,"column":8},"end":{"line":36,"column":9}},"7":{"start":{"line":21,"column":29},"end":{"line":24,"column":14}},"8":{"start":{"line":26,"column":12},"end":{"line":28,"column":13}},"9":{"start":{"line":27,"column":16},"end":{"line":27,"column":61}},"10":{"start":{"line":30,"column":25},"end":{"line":30,"column":46}},"11":{"start":{"line":31,"column":12},"end":{"line":31,"column":44}},"12":{"start":{"line":33,"column":12},"end":{"line":33,"column":42}},"13":{"start":{"line":35,"column":12},"end":{"line":35,"column":62}},"14":{"start":{"line":39,"column":4},"end":{"line":39,"column":20}},"15":{"start":{"line":42,"column":2},"end":{"line":42,"column":42}},"16":{"start":{"line":52,"column":42},"end":{"line":102,"column":3}},"17":{"start":{"line":124,"column":18},"end":{"line":124,"column":33}},"18":{"start":{"line":125,"column":20},"end":{"line":125,"column":37}},"19":{"start":{"line":126,"column":19},"end":{"line":126,"column":44}},"20":{"start":{"line":127,"column":27},"end":{"line":127,"column":43}},"21":{"start":{"line":128,"column":29},"end":{"line":128,"column":67}},"22":{"start":{"line":129,"column":4},"end":{"line":129,"column":60}},"23":{"start":{"line":132,"column":2},"end":{"line":241,"column":3}},"24":{"start":{"line":158,"column":31},"end":{"line":158,"column":51}},"25":{"start":{"line":168,"column":14},"end":{"line":195,"column":20}},"26":{"start":{"line":209,"column":16},"end":{"line":225,"column":22}},"27":{"start":{"line":213,"column":35},"end":{"line":213,"column":50}},"28":{"start":{"line":214,"column":22},"end":{"line":214,"column":39}},"29":{"start":{"line":220,"column":22},"end":{"line":220,"column":53}},"30":{"start":{"line":230,"column":18},"end":{"line":230,"column":43}}},"fnMap":{"0":{"name":"(anonymous_0)","decl":{"start":{"line":12,"column":13},"end":{"line":12,"column":14}},"loc":{"start":{"line":12,"column":19},"end":{"line":242,"column":1}},"line":12},"1":{"name":"(anonymous_1)","decl":{"start":{"line":18,"column":12},"end":{"line":18,"column":13}},"loc":{"start":{"line":18,"column":18},"end":{"line":40,"column":3}},"line":18},"2":{"name":"(anonymous_2)","decl":{"start":{"line":19,"column":26},"end":{"line":19,"column":27}},"loc":{"start":{"line":19,"column":38},"end":{"line":37,"column":5}},"line":19},"3":{"name":"formatTime","decl":{"start":{"line":123,"column":11},"end":{"line":123,"column":21}},"loc":{"start":{"line":123,"column":42},"end":{"line":130,"column":3}},"line":123},"4":{"name":"(anonymous_4)","decl":{"start":{"line":158,"column":25},"end":{"line":158,"column":26}},"loc":{"start":{"line":158,"column":31},"end":{"line":158,"column":51}},"line":158},"5":{"name":"(anonymous_5)","decl":{"start":{"line":167,"column":30},"end":{"line":167,"column":31}},"loc":{"start":{"line":168,"column":14},"end":{"line":195,"column":20}},"line":168},"6":{"name":"(anonymous_6)","decl":{"start":{"line":208,"column":66},"end":{"line":208,"column":67}},"loc":{"start":{"line":209,"column":16},"end":{"line":225,"column":22}},"line":209},"7":{"name":"(anonymous_7)","decl":{"start":{"line":212,"column":39},"end":{"line":212,"column":40}},"loc":{"start":{"line":212,"column":51},"end":{"line":215,"column":21}},"line":212},"8":{"name":"(anonymous_8)","decl":{"start":{"line":219,"column":29},"end":{"line":219,"column":30}},"loc":{"start":{"line":219,"column":35},"end":{"line":221,"column":21}},"line":219},"9":{"name":"(anonymous_9)","decl":{"start":{"line":229,"column":25},"end":{"line":229,"column":26}},"loc":{"start":{"line":229,"column":31},"end":{"line":231,"column":17}},"line":229}},"branchMap":{"0":{"loc":{"start":{"line":26,"column":12},"end":{"line":28,"column":13}},"type":"if","locations":[{"start":{"line":26,"column":12},"end":{"line":28,"column":13}},{"start":{},"end":{}}],"line":26},"1":{"loc":{"start":{"line":126,"column":19},"end":{"line":126,"column":44}},"type":"cond-expr","locations":[{"start":{"line":126,"column":33},"end":{"line":126,"column":37}},{"start":{"line":126,"column":40},"end":{"line":126,"column":44}}],"line":126},"2":{"loc":{"start":{"line":127,"column":27},"end":{"line":127,"column":43}},"type":"binary-expr","locations":[{"start":{"line":127,"column":27},"end":{"line":127,"column":37}},{"start":{"line":127,"column":41},"end":{"line":127,"column":43}}],"line":127},"3":{"loc":{"start":{"line":128,"column":29},"end":{"line":128,"column":67}},"type":"cond-expr","locations":[{"start":{"line":128,"column":44},"end":{"line":128,"column":57}},{"start":{"line":128,"column":60},"end":{"line":128,"column":67}}],"line":128},"4":{"loc":{"start":{"line":189,"column":20},"end":{"line":189,"column":74}},"type":"cond-expr","locations":[{"start":{"line":189,"column":55},"end":{"line":189,"column":63}},{"start":{"line":189,"column":66},"end":{"line":189,"column":74}}],"line":189},"5":{"loc":{"start":{"line":208,"column":15},"end":{"line":226,"column":16}},"type":"binary-expr","locations":[{"start":{"line":208,"column":15},"end":{"line":208,"column":23}},{"start":{"line":208,"column":27},"end":{"line":208,"column":42}},{"start":{"line":208,"column":46},"end":{"line":226,"column":16}}],"line":208}},"s":{"0":1,"1":21,"2":20,"3":20,"4":20,"5":12,"6":12,"7":12,"8":11,"9":1,"10":10,"11":10,"12":10,"13":2,"14":12,"15":20,"16":20,"17":140,"18":140,"19":140,"20":140,"21":140,"22":140,"23":20,"24":1,"25":140,"26":11,"27":20,"28":20,"29":1,"30":1},"f":{"0":21,"1":12,"2":12,"3":140,"4":1,"5":140,"6":11,"7":20,"8":1,"9":1},"b":{"0":[1,10],"1":[140,0],"2":[140,0],"3":[20,120],"4":[80,60],"5":[20,8,8]},"_coverageSchema":"1a1c01bbd47fc00a2c39e90264f33305004495a9","hash":"9f484879fea05ccb28105d9f3acaa418caaac125"}
,"/Users/vasco/Desktop/FlatFair/FlatFair/app/src/pages/Landing.tsx": {"path":"/Users/vasco/Desktop/FlatFair/FlatFair/app/src/pages/Landing.tsx","statementMap":{"0":{"start":{"line":4,"column":16},"end":{"line":27,"column":1}},"1":{"start":{"line":5,"column":19},"end":{"line":5,"column":32}},"2":{"start":{"line":6,"column":2},"end":{"line":26,"column":3}},"3":{"start":{"line":16,"column":16},"end":{"line":16,"column":34}}},"fnMap":{"0":{"name":"(anonymous_0)","decl":{"start":{"line":4,"column":16},"end":{"line":4,"column":17}},"loc":{"start":{"line":4,"column":36},"end":{"line":27,"column":1}},"line":4},"1":{"name":"(anonymous_1)","decl":{"start":{"line":15,"column":23},"end":{"line":15,"column":24}},"loc":{"start":{"line":15,"column":29},"end":{"line":17,"column":15}},"line":15}},"branchMap":{},"s":{"0":2,"1":4,"2":4,"3":0},"f":{"0":4,"1":0},"b":{},"_coverageSchema":"1a1c01bbd47fc00a2c39e90264f33305004495a9","hash":"e1a6263bd542696970c02548d978426632f31313"}
,"/Users/vasco/Desktop/FlatFair/FlatFair/app/src/pages/Login.tsx": {"path":"/Users/vasco/Desktop/FlatFair/FlatFair/app/src/pages/Login.tsx","statementMap":{"0":{"start":{"line":16,"column":39},"end":{"line":19,"column":1}},"1":{"start":{"line":21,"column":14},"end":{"line":112,"column":1}},"2":{"start":{"line":22,"column":36},"end":{"line":22,"column":60}},"3":{"start":{"line":23,"column":19},"end":{"line":23,"column":32}},"4":{"start":{"line":24,"column":28},"end":{"line":24,"column":48}},"5":{"start":{"line":26,"column":27},"end":{"line":32,"column":4}},"6":{"start":{"line":33,"column":23},"end":{"line":49,"column":3}},"7":{"start":{"line":34,"column":4},"end":{"line":34,"column":22}},"8":{"start":{"line":35,"column":4},"end":{"line":48,"column":5}},"9":{"start":{"line":37,"column":23},"end":{"line":37,"column":60}},"10":{"start":{"line":38,"column":6},"end":{"line":38,"column":48}},"11":{"start":{"line":39,"column":6},"end":{"line":39,"column":51}},"12":{"start":{"line":40,"column":6},"end":{"line":40,"column":21}},"13":{"start":{"line":42,"column":6},"end":{"line":42,"column":43}},"14":{"start":{"line":43,"column":6},"end":{"line":43,"column":43}},"15":{"start":{"line":45,"column":6},"end":{"line":45,"column":25}},"16":{"start":{"line":46,"column":6},"end":{"line":46,"column":28}},"17":{"start":{"line":47,"column":6},"end":{"line":47,"column":25}},"18":{"start":{"line":50,"column":2},"end":{"line":111,"column":3}},"19":{"start":{"line":63,"column":16},"end":{"line":104,"column":23}}},"fnMap":{"0":{"name":"(anonymous_0)","decl":{"start":{"line":21,"column":14},"end":{"line":21,"column":15}},"loc":{"start":{"line":21,"column":34},"end":{"line":112,"column":1}},"line":21},"1":{"name":"(anonymous_1)","decl":{"start":{"line":33,"column":23},"end":{"line":33,"column":24}},"loc":{"start":{"line":33,"column":58},"end":{"line":49,"column":3}},"line":33},"2":{"name":"(anonymous_2)","decl":{"start":{"line":62,"column":15},"end":{"line":62,"column":16}},"loc":{"start":{"line":63,"column":16},"end":{"line":104,"column":23}},"line":63}},"branchMap":{"0":{"loc":{"start":{"line":73,"column":21},"end":{"line":75,"column":21}},"type":"binary-expr","locations":[{"start":{"line":73,"column":21},"end":{"line":73,"column":33}},{"start":{"line":73,"column":37},"end":{"line":73,"column":50}},{"start":{"line":74,"column":22},"end":{"line":74,"column":70}}],"line":73},"1":{"loc":{"start":{"line":86,"column":21},"end":{"line":88,"column":21}},"type":"binary-expr","locations":[{"start":{"line":86,"column":21},"end":{"line":86,"column":36}},{"start":{"line":86,"column":40},"end":{"line":86,"column":56}},{"start":{"line":87,"column":22},"end":{"line":87,"column":73}}],"line":86},"2":{"loc":{"start":{"line":90,"column":19},"end":{"line":90,"column":69}},"type":"binary-expr","locations":[{"start":{"line":90,"column":19},"end":{"line":90,"column":24}},{"start":{"line":90,"column":28},"end":{"line":90,"column":69}}],"line":90},"3":{"loc":{"start":{"line":94,"column":30},"end":{"line":94,"column":51}},"type":"binary-expr","locations":[{"start":{"line":94,"column":30},"end":{"line":94,"column":38}},{"start":{"line":94,"column":42},"end":{"line":94,"column":51}}],"line":94},"4":{"loc":{"start":{"line":96,"column":21},"end":{"line":96,"column":79}},"type":"cond-expr","locations":[{"start":{"line":96,"column":33},"end":{"line":96,"column":68}},{"start":{"line":96,"column":71},"end":{"line":96,"column":79}}],"line":96}},"s":{"0":2,"1":2,"2":16,"3":15,"4":15,"5":15,"6":15,"7":5,"8":5,"9":5,"10":3,"11":3,"12":3,"13":2,"14":2,"15":5,"16":5,"17":5,"18":15,"19":267},"f":{"0":16,"1":5,"2":267},"b":{"0":[267,68,2],"1":[267,193,2],"2":[267,2],"3":[267,74],"4":[0,267]},"_coverageSchema":"1a1c01bbd47fc00a2c39e90264f33305004495a9","hash":"0c3d76c55c3eb4ceb4fc6455e098d12f1cd6536c"}
,"/Users/vasco/Desktop/FlatFair/FlatFair/app/src/pages/Logout.tsx": {"path":"/Users/vasco/Desktop/FlatFair/FlatFair/app/src/pages/Logout.tsx","statementMap":{"0":{"start":{"line":4,"column":15},"end":{"line":35,"column":1}},"1":{"start":{"line":5,"column":19},"end":{"line":5,"column":32}},"2":{"start":{"line":6,"column":2},"end":{"line":10,"column":8}},"3":{"start":{"line":8,"column":4},"end":{"line":8,"column":36}},"4":{"start":{"line":9,"column":4},"end":{"line":9,"column":34}},"5":{"start":{"line":12,"column":2},"end":{"line":34,"column":3}},"6":{"start":{"line":24,"column":18},"end":{"line":24,"column":36}}},"fnMap":{"0":{"name":"(anonymous_0)","decl":{"start":{"line":4,"column":15},"end":{"line":4,"column":16}},"loc":{"start":{"line":4,"column":35},"end":{"line":35,"column":1}},"line":4},"1":{"name":"(anonymous_1)","decl":{"start":{"line":6,"column":12},"end":{"line":6,"column":13}},"loc":{"start":{"line":6,"column":18},"end":{"line":10,"column":3}},"line":6},"2":{"name":"(anonymous_2)","decl":{"start":{"line":23,"column":25},"end":{"line":23,"column":26}},"loc":{"start":{"line":23,"column":31},"end":{"line":25,"column":17}},"line":23}},"branchMap":{},"s":{"0":2,"1":2,"2":2,"3":2,"4":2,"5":2,"6":1},"f":{"0":2,"1":2,"2":1},"b":{},"_coverageSchema":"1a1c01bbd47fc00a2c39e90264f33305004495a9","hash":"c972d3cb9bffe56b9fdd50f1ce5e6d8fd6df060a"}
}
