{"/Users/vasco/Desktop/FlatFair/FlatFair/app/src/App.tsx": {"path":"/Users/vasco/Desktop/FlatFair/FlatFair/app/src/App.tsx","statementMap":{"0":{"start":{"line":12,"column":2},"end":{"line":24,"column":3}}},"fnMap":{"0":{"name":"App","decl":{"start":{"line":11,"column":9},"end":{"line":11,"column":12}},"loc":{"start":{"line":11,"column":29},"end":{"line":25,"column":1}},"line":11}},"branchMap":{},"s":{"0":0},"f":{"0":0},"b":{}}
,"/Users/vasco/Desktop/FlatFair/FlatFair/app/src/components/AsyncSubmit.tsx": {"path":"/Users/vasco/Desktop/FlatFair/FlatFair/app/src/components/AsyncSubmit.tsx","statementMap":{"0":{"start":{"line":4,"column":20},"end":{"line":14,"column":1}},"1":{"start":{"line":5,"column":2},"end":{"line":13,"column":3}}},"fnMap":{"0":{"name":"(anonymous_0)","decl":{"start":{"line":4,"column":20},"end":{"line":4,"column":21}},"loc":{"start":{"line":4,"column":67},"end":{"line":14,"column":1}},"line":4}},"branchMap":{"0":{"loc":{"start":{"line":7,"column":7},"end":{"line":11,"column":7}},"type":"binary-expr","locations":[{"start":{"line":7,"column":7},"end":{"line":7,"column":20}},{"start":{"line":8,"column":8},"end":{"line":10,"column":14}}],"line":7}},"s":{"0":4,"1":0},"f":{"0":0},"b":{"0":[0,0]},"_coverageSchema":"1a1c01bbd47fc00a2c39e90264f33305004495a9","hash":"44009c23b9b584d2460d549abd9b1ed8faef06fa"}
,"/Users/vasco/Desktop/FlatFair/FlatFair/app/src/components/ErrorBoundary.tsx": {"path":"/Users/vasco/Desktop/FlatFair/FlatFair/app/src/components/ErrorBoundary.tsx","statementMap":{"0":{"start":{"line":13,"column":26},"end":{"line":15,"column":5}},"1":{"start":{"line":18,"column":8},"end":{"line":18,"column":41}},"2":{"start":{"line":22,"column":8},"end":{"line":22,"column":59}},"3":{"start":{"line":26,"column":8},"end":{"line":33,"column":9}},"4":{"start":{"line":27,"column":12},"end":{"line":32,"column":14}},"5":{"start":{"line":35,"column":8},"end":{"line":35,"column":35}}},"fnMap":{"0":{"name":"(anonymous_0)","decl":{"start":{"line":17,"column":4},"end":{"line":17,"column":5}},"loc":{"start":{"line":17,"column":64},"end":{"line":19,"column":5}},"line":17},"1":{"name":"(anonymous_1)","decl":{"start":{"line":21,"column":4},"end":{"line":21,"column":5}},"loc":{"start":{"line":21,"column":65},"end":{"line":23,"column":5}},"line":21},"2":{"name":"(anonymous_2)","decl":{"start":{"line":25,"column":4},"end":{"line":25,"column":5}},"loc":{"start":{"line":25,"column":20},"end":{"line":36,"column":5}},"line":25}},"branchMap":{"0":{"loc":{"start":{"line":26,"column":8},"end":{"line":33,"column":9}},"type":"if","locations":[{"start":{"line":26,"column":8},"end":{"line":33,"column":9}},{"start":{},"end":{}}],"line":26}},"s":{"0":3,"1":2,"2":1,"3":5,"4":2,"5":3},"f":{"0":2,"1":1,"2":5},"b":{"0":[2,3]},"_coverageSchema":"1a1c01bbd47fc00a2c39e90264f33305004495a9","hash":"7daa463ca896381f8a790579089a68b64ebfa890"}
,"/Users/vasco/Desktop/FlatFair/FlatFair/app/src/components/Icon.tsx": {"path":"/Users/vasco/Desktop/FlatFair/FlatFair/app/src/components/Icon.tsx","statementMap":{"0":{"start":{"line":14,"column":28},"end":{"line":22,"column":1}},"1":{"start":{"line":15,"column":20},"end":{"line":15,"column":58}},"2":{"start":{"line":17,"column":2},"end":{"line":21,"column":3}}},"fnMap":{"0":{"name":"(anonymous_0)","decl":{"start":{"line":14,"column":28},"end":{"line":14,"column":29}},"loc":{"start":{"line":14,"column":71},"end":{"line":22,"column":1}},"line":14}},"branchMap":{"0":{"loc":{"start":{"line":14,"column":38},"end":{"line":14,"column":53}},"type":"default-arg","locations":[{"start":{"line":14,"column":48},"end":{"line":14,"column":53}}],"line":14},"1":{"loc":{"start":{"line":14,"column":55},"end":{"line":14,"column":64}},"type":"default-arg","locations":[{"start":{"line":14,"column":62},"end":{"line":14,"column":64}}],"line":14},"2":{"loc":{"start":{"line":15,"column":25},"end":{"line":15,"column":44}},"type":"cond-expr","locations":[{"start":{"line":15,"column":35},"end":{"line":15,"column":38}},{"start":{"line":15,"column":41},"end":{"line":15,"column":44}}],"line":15},"3":{"loc":{"start":{"line":19,"column":53},"end":{"line":19,"column":76}},"type":"cond-expr","locations":[{"start":{"line":19,"column":67},"end":{"line":19,"column":71}},{"start":{"line":19,"column":74},"end":{"line":19,"column":76}}],"line":19}},"s":{"0":3,"1":25,"2":25},"f":{"0":25},"b":{"0":[25],"1":[25],"2":[0,25],"3":[0,25]},"_coverageSchema":"1a1c01bbd47fc00a2c39e90264f33305004495a9","hash":"8e082d6c48b63bd22d347e3b977a097136f84a2c"}
,"/Users/vasco/Desktop/FlatFair/FlatFair/app/src/components/Modal.tsx": {"path":"/Users/vasco/Desktop/FlatFair/FlatFair/app/src/components/Modal.tsx","statementMap":{"0":{"start":{"line":16,"column":14},"end":{"line":40,"column":1}},"1":{"start":{"line":17,"column":2},"end":{"line":39,"column":3}}},"fnMap":{"0":{"name":"(anonymous_0)","decl":{"start":{"line":16,"column":14},"end":{"line":16,"column":15}},"loc":{"start":{"line":16,"column":51},"end":{"line":40,"column":1}},"line":16}},"branchMap":{"0":{"loc":{"start":{"line":22,"column":10},"end":{"line":22,"column":51}},"type":"cond-expr","locations":[{"start":{"line":22,"column":33},"end":{"line":22,"column":46}},{"start":{"line":22,"column":49},"end":{"line":22,"column":51}}],"line":22},"1":{"loc":{"start":{"line":22,"column":10},"end":{"line":22,"column":30}},"type":"binary-expr","locations":[{"start":{"line":22,"column":10},"end":{"line":22,"column":21}},{"start":{"line":22,"column":25},"end":{"line":22,"column":30}}],"line":22},"2":{"loc":{"start":{"line":28,"column":9},"end":{"line":32,"column":9}},"type":"binary-expr","locations":[{"start":{"line":28,"column":9},"end":{"line":28,"column":29}},{"start":{"line":29,"column":10},"end":{"line":31,"column":16}}],"line":28},"3":{"loc":{"start":{"line":33,"column":9},"end":{"line":35,"column":9}},"type":"binary-expr","locations":[{"start":{"line":33,"column":9},"end":{"line":33,"column":32}},{"start":{"line":34,"column":10},"end":{"line":34,"column":65}}],"line":33}},"s":{"0":2,"1":1},"f":{"0":1},"b":{"0":[0,1],"1":[1,1],"2":[1,1],"3":[1,1]},"_coverageSchema":"1a1c01bbd47fc00a2c39e90264f33305004495a9","hash":"5d3f53134c38b67546798feb2f2b091fd3382344"}
,"/Users/vasco/Desktop/FlatFair/FlatFair/app/src/components/Navbar.tsx": {"path":"/Users/vasco/Desktop/FlatFair/FlatFair/app/src/components/Navbar.tsx","statementMap":{"0":{"start":{"line":4,"column":15},"end":{"line":42,"column":1}},"1":{"start":{"line":5,"column":19},"end":{"line":5,"column":32}},"2":{"start":{"line":6,"column":21},"end":{"line":6,"column":52}},"3":{"start":{"line":10,"column":2},"end":{"line":41,"column":3}},"4":{"start":{"line":23,"column":18},"end":{"line":23,"column":40}},"5":{"start":{"line":31,"column":18},"end":{"line":31,"column":37}}},"fnMap":{"0":{"name":"(anonymous_0)","decl":{"start":{"line":4,"column":15},"end":{"line":4,"column":16}},"loc":{"start":{"line":4,"column":35},"end":{"line":42,"column":1}},"line":4},"1":{"name":"(anonymous_1)","decl":{"start":{"line":22,"column":25},"end":{"line":22,"column":26}},"loc":{"start":{"line":22,"column":31},"end":{"line":24,"column":17}},"line":22},"2":{"name":"(anonymous_2)","decl":{"start":{"line":30,"column":25},"end":{"line":30,"column":26}},"loc":{"start":{"line":30,"column":31},"end":{"line":32,"column":17}},"line":30}},"branchMap":{"0":{"loc":{"start":{"line":18,"column":11},"end":{"line":37,"column":11}},"type":"binary-expr","locations":[{"start":{"line":18,"column":11},"end":{"line":18,"column":21}},{"start":{"line":19,"column":12},"end":{"line":36,"column":18}}],"line":18}},"s":{"0":6,"1":99,"2":99,"3":99,"4":1,"5":1},"f":{"0":99,"1":1,"2":1},"b":{"0":[99,1]},"_coverageSchema":"1a1c01bbd47fc00a2c39e90264f33305004495a9","hash":"4c1a3b7eb3c99e577e7ba8764c48366e0b73f3a6"}
,"/Users/vasco/Desktop/FlatFair/FlatFair/app/src/components/SpendingChart.tsx": {"path":"/Users/vasco/Desktop/FlatFair/FlatFair/app/src/components/SpendingChart.tsx","statementMap":{"0":{"start":{"line":13,"column":22},"end":{"line":68,"column":1}},"1":{"start":{"line":15,"column":35},"end":{"line":45,"column":3}},"2":{"start":{"line":17,"column":51},"end":{"line":30,"column":5}},"3":{"start":{"line":32,"column":4},"end":{"line":36,"column":6}},"4":{"start":{"line":33,"column":19},"end":{"line":33,"column":41}},"5":{"start":{"line":34,"column":20},"end":{"line":34,"column":70}},"6":{"start":{"line":35,"column":6},"end":{"line":35,"column":42}},"7":{"start":{"line":39,"column":22},"end":{"line":42,"column":7}},"8":{"start":{"line":39,"column":75},"end":{"line":42,"column":5}},"9":{"start":{"line":44,"column":4},"end":{"line":44,"column":20}},"10":{"start":{"line":47,"column":23},"end":{"line":47,"column":61}},"11":{"start":{"line":49,"column":2},"end":{"line":67,"column":3}}},"fnMap":{"0":{"name":"(anonymous_0)","decl":{"start":{"line":13,"column":22},"end":{"line":13,"column":23}},"loc":{"start":{"line":13,"column":74},"end":{"line":68,"column":1}},"line":13},"1":{"name":"(anonymous_1)","decl":{"start":{"line":15,"column":35},"end":{"line":15,"column":36}},"loc":{"start":{"line":15,"column":61},"end":{"line":45,"column":3}},"line":15},"2":{"name":"(anonymous_2)","decl":{"start":{"line":32,"column":21},"end":{"line":32,"column":22}},"loc":{"start":{"line":32,"column":34},"end":{"line":36,"column":5}},"line":32},"3":{"name":"(anonymous_3)","decl":{"start":{"line":39,"column":54},"end":{"line":39,"column":55}},"loc":{"start":{"line":39,"column":75},"end":{"line":42,"column":5}},"line":39}},"branchMap":{},"s":{"0":0,"1":0,"2":0,"3":0,"4":0,"5":0,"6":0,"7":0,"8":0,"9":0,"10":0,"11":0},"f":{"0":0,"1":0,"2":0,"3":0},"b":{}}
,"/Users/vasco/Desktop/FlatFair/FlatFair/app/src/pages/CreateAccount.tsx": {"path":"/Users/vasco/Desktop/FlatFair/FlatFair/app/src/pages/CreateAccount.tsx","statementMap":{"0":{"start":{"line":16,"column":47},"end":{"line":21,"column":1}},"1":{"start":{"line":23,"column":22},"end":{"line":178,"column":1}},"2":{"start":{"line":24,"column":36},"end":{"line":24,"column":60}},"3":{"start":{"line":25,"column":19},"end":{"line":25,"column":32}},"4":{"start":{"line":27,"column":27},"end":{"line":38,"column":4}},"5":{"start":{"line":40,"column":23},"end":{"line":85,"column":3}},"6":{"start":{"line":41,"column":4},"end":{"line":41,"column":22}},"7":{"start":{"line":42,"column":4},"end":{"line":84,"column":5}},"8":{"start":{"line":43,"column":6},"end":{"line":43,"column":56}},"9":{"start":{"line":46,"column":23},"end":{"line":50,"column":8}},"10":{"start":{"line":52,"column":6},"end":{"line":52,"column":40}},"11":{"start":{"line":54,"column":6},"end":{"line":54,"column":60}},"12":{"start":{"line":57,"column":6},"end":{"line":71,"column":7}},"13":{"start":{"line":58,"column":8},"end":{"line":58,"column":53}},"14":{"start":{"line":61,"column":30},"end":{"line":64,"column":10}},"15":{"start":{"line":66,"column":8},"end":{"line":66,"column":53}},"16":{"start":{"line":68,"column":8},"end":{"line":70,"column":9}},"17":{"start":{"line":69,"column":10},"end":{"line":69,"column":60}},"18":{"start":{"line":73,"column":6},"end":{"line":73,"column":66}},"19":{"start":{"line":76,"column":6},"end":{"line":76,"column":28}},"20":{"start":{"line":78,"column":6},"end":{"line":81,"column":7}},"21":{"start":{"line":83,"column":6},"end":{"line":83,"column":25}},"22":{"start":{"line":87,"column":2},"end":{"line":177,"column":3}},"23":{"start":{"line":100,"column":16},"end":{"line":170,"column":23}}},"fnMap":{"0":{"name":"(anonymous_0)","decl":{"start":{"line":23,"column":22},"end":{"line":23,"column":23}},"loc":{"start":{"line":23,"column":42},"end":{"line":178,"column":1}},"line":23},"1":{"name":"(anonymous_1)","decl":{"start":{"line":40,"column":23},"end":{"line":40,"column":24}},"loc":{"start":{"line":40,"column":66},"end":{"line":85,"column":3}},"line":40},"2":{"name":"(anonymous_2)","decl":{"start":{"line":99,"column":15},"end":{"line":99,"column":16}},"loc":{"start":{"line":100,"column":16},"end":{"line":170,"column":23}},"line":100}},"branchMap":{"0":{"loc":{"start":{"line":57,"column":6},"end":{"line":71,"column":7}},"type":"if","locations":[{"start":{"line":57,"column":6},"end":{"line":71,"column":7}},{"start":{"line":59,"column":13},"end":{"line":71,"column":7}}],"line":57},"1":{"loc":{"start":{"line":68,"column":8},"end":{"line":70,"column":9}},"type":"if","locations":[{"start":{"line":68,"column":8},"end":{"line":70,"column":9}},{"start":{},"end":{}}],"line":68},"2":{"loc":{"start":{"line":80,"column":8},"end":{"line":80,"column":63}},"type":"binary-expr","locations":[{"start":{"line":80,"column":8},"end":{"line":80,"column":37}},{"start":{"line":80,"column":41},"end":{"line":80,"column":63}}],"line":80},"3":{"loc":{"start":{"line":110,"column":21},"end":{"line":112,"column":21}},"type":"binary-expr","locations":[{"start":{"line":110,"column":21},"end":{"line":110,"column":33}},{"start":{"line":110,"column":37},"end":{"line":110,"column":50}},{"start":{"line":111,"column":22},"end":{"line":111,"column":70}}],"line":110},"4":{"loc":{"start":{"line":123,"column":21},"end":{"line":125,"column":21}},"type":"binary-expr","locations":[{"start":{"line":123,"column":21},"end":{"line":123,"column":32}},{"start":{"line":123,"column":36},"end":{"line":123,"column":48}},{"start":{"line":124,"column":22},"end":{"line":124,"column":69}}],"line":123},"5":{"loc":{"start":{"line":136,"column":21},"end":{"line":138,"column":21}},"type":"binary-expr","locations":[{"start":{"line":136,"column":21},"end":{"line":136,"column":36}},{"start":{"line":136,"column":40},"end":{"line":136,"column":56}},{"start":{"line":137,"column":22},"end":{"line":137,"column":73}}],"line":136},"6":{"loc":{"start":{"line":149,"column":21},"end":{"line":151,"column":21}},"type":"binary-expr","locations":[{"start":{"line":149,"column":21},"end":{"line":149,"column":43}},{"start":{"line":149,"column":47},"end":{"line":149,"column":70}},{"start":{"line":150,"column":22},"end":{"line":150,"column":80}}],"line":149},"7":{"loc":{"start":{"line":156,"column":30},"end":{"line":156,"column":51}},"type":"binary-expr","locations":[{"start":{"line":156,"column":30},"end":{"line":156,"column":38}},{"start":{"line":156,"column":42},"end":{"line":156,"column":51}}],"line":156},"8":{"loc":{"start":{"line":158,"column":21},"end":{"line":162,"column":21}},"type":"cond-expr","locations":[{"start":{"line":159,"column":22},"end":{"line":159,"column":57}},{"start":{"line":161,"column":22},"end":{"line":161,"column":38}}],"line":158}},"s":{"0":1,"1":1,"2":14,"3":13,"4":13,"5":13,"6":4,"7":4,"8":4,"9":4,"10":2,"11":2,"12":2,"13":0,"14":2,"15":2,"16":2,"17":1,"18":1,"19":1,"20":3,"21":4,"22":13,"23":363},"f":{"0":14,"1":4,"2":363},"b":{"0":[0,2],"1":[1,0],"2":[3,2],"3":[363,90,4],"4":[363,154,1],"5":[363,208,2],"6":[363,334,2],"7":[363,29],"8":[0,363]},"_coverageSchema":"1a1c01bbd47fc00a2c39e90264f33305004495a9","hash":"557a9404f4012abb743daf5df1be1f6f3e4141de"}
,"/Users/vasco/Desktop/FlatFair/FlatFair/app/src/pages/CreateGroup.tsx": {"path":"/Users/vasco/Desktop/FlatFair/FlatFair/app/src/pages/CreateGroup.tsx","statementMap":{"0":{"start":{"line":15,"column":39},"end":{"line":19,"column":1}},"1":{"start":{"line":21,"column":20},"end":{"line":217,"column":1}},"2":{"start":{"line":22,"column":36},"end":{"line":22,"column":60}},"3":{"start":{"line":23,"column":32},"end":{"line":23,"column":56}},"4":{"start":{"line":24,"column":32},"end":{"line":24,"column":54}},"5":{"start":{"line":25,"column":19},"end":{"line":25,"column":32}},"6":{"start":{"line":27,"column":27},"end":{"line":41,"column":4}},"7":{"start":{"line":38,"column":10},"end":{"line":38,"column":51}},"8":{"start":{"line":43,"column":23},"end":{"line":88,"column":3}},"9":{"start":{"line":44,"column":4},"end":{"line":44,"column":22}},"10":{"start":{"line":47,"column":22},"end":{"line":51,"column":5}},"11":{"start":{"line":53,"column":4},"end":{"line":87,"column":5}},"12":{"start":{"line":55,"column":23},"end":{"line":55,"column":71}},"13":{"start":{"line":57,"column":6},"end":{"line":57,"column":58}},"14":{"start":{"line":59,"column":6},"end":{"line":59,"column":22}},"15":{"start":{"line":61,"column":6},"end":{"line":74,"column":9}},"16":{"start":{"line":63,"column":10},"end":{"line":63,"column":76}},"17":{"start":{"line":64,"column":31},"end":{"line":69,"column":10}},"18":{"start":{"line":70,"column":8},"end":{"line":73,"column":10}},"19":{"start":{"line":76,"column":6},"end":{"line":76,"column":17}},"20":{"start":{"line":77,"column":6},"end":{"line":77,"column":20}},"21":{"start":{"line":79,"column":6},"end":{"line":82,"column":7}},"22":{"start":{"line":84,"column":6},"end":{"line":84,"column":25}},"23":{"start":{"line":85,"column":6},"end":{"line":85,"column":25}},"24":{"start":{"line":86,"column":6},"end":{"line":86,"column":28}},"25":{"start":{"line":90,"column":20},"end":{"line":95,"column":3}},"26":{"start":{"line":91,"column":4},"end":{"line":94,"column":5}},"27":{"start":{"line":92,"column":6},"end":{"line":92,"column":37}},"28":{"start":{"line":93,"column":6},"end":{"line":93,"column":18}},"29":{"start":{"line":97,"column":2},"end":{"line":216,"column":3}},"30":{"start":{"line":123,"column":16},"end":{"line":209,"column":23}},"31":{"start":{"line":168,"column":26},"end":{"line":170,"column":27}},"32":{"start":{"line":169,"column":28},"end":{"line":169,"column":65}},"33":{"start":{"line":183,"column":24},"end":{"line":188,"column":31}}},"fnMap":{"0":{"name":"(anonymous_0)","decl":{"start":{"line":21,"column":20},"end":{"line":21,"column":21}},"loc":{"start":{"line":21,"column":40},"end":{"line":217,"column":1}},"line":21},"1":{"name":"(anonymous_1)","decl":{"start":{"line":36,"column":8},"end":{"line":36,"column":9}},"loc":{"start":{"line":36,"column":25},"end":{"line":39,"column":9}},"line":36},"2":{"name":"(anonymous_2)","decl":{"start":{"line":43,"column":23},"end":{"line":43,"column":24}},"loc":{"start":{"line":43,"column":78},"end":{"line":88,"column":3}},"line":43},"3":{"name":"(anonymous_3)","decl":{"start":{"line":61,"column":22},"end":{"line":61,"column":23}},"loc":{"start":{"line":61,"column":45},"end":{"line":74,"column":7}},"line":61},"4":{"name":"(anonymous_4)","decl":{"start":{"line":90,"column":20},"end":{"line":90,"column":21}},"loc":{"start":{"line":90,"column":63},"end":{"line":95,"column":3}},"line":90},"5":{"name":"(anonymous_5)","decl":{"start":{"line":112,"column":15},"end":{"line":112,"column":16}},"loc":{"start":{"line":123,"column":16},"end":{"line":209,"column":23}},"line":123},"6":{"name":"(anonymous_6)","decl":{"start":{"line":167,"column":33},"end":{"line":167,"column":34}},"loc":{"start":{"line":167,"column":39},"end":{"line":171,"column":25}},"line":167},"7":{"name":"(anonymous_7)","decl":{"start":{"line":168,"column":61},"end":{"line":168,"column":62}},"loc":{"start":{"line":169,"column":28},"end":{"line":169,"column":65}},"line":169},"8":{"name":"(anonymous_8)","decl":{"start":{"line":182,"column":35},"end":{"line":182,"column":36}},"loc":{"start":{"line":183,"column":24},"end":{"line":188,"column":31}},"line":183}},"branchMap":{"0":{"loc":{"start":{"line":38,"column":17},"end":{"line":38,"column":51}},"type":"binary-expr","locations":[{"start":{"line":38,"column":17},"end":{"line":38,"column":29}},{"start":{"line":38,"column":33},"end":{"line":38,"column":51}}],"line":38},"1":{"loc":{"start":{"line":81,"column":8},"end":{"line":81,"column":63}},"type":"binary-expr","locations":[{"start":{"line":81,"column":8},"end":{"line":81,"column":37}},{"start":{"line":81,"column":41},"end":{"line":81,"column":63}}],"line":81},"2":{"loc":{"start":{"line":91,"column":4},"end":{"line":94,"column":5}},"type":"if","locations":[{"start":{"line":91,"column":4},"end":{"line":94,"column":5}},{"start":{},"end":{}}],"line":91},"3":{"loc":{"start":{"line":91,"column":8},"end":{"line":91,"column":41}},"type":"binary-expr","locations":[{"start":{"line":91,"column":8},"end":{"line":91,"column":13}},{"start":{"line":91,"column":17},"end":{"line":91,"column":41}}],"line":91},"4":{"loc":{"start":{"line":133,"column":21},"end":{"line":135,"column":21}},"type":"binary-expr","locations":[{"start":{"line":133,"column":21},"end":{"line":133,"column":37}},{"start":{"line":133,"column":41},"end":{"line":133,"column":58}},{"start":{"line":134,"column":22},"end":{"line":134,"column":74}}],"line":133},"5":{"loc":{"start":{"line":146,"column":21},"end":{"line":150,"column":21}},"type":"binary-expr","locations":[{"start":{"line":146,"column":21},"end":{"line":146,"column":44}},{"start":{"line":146,"column":48},"end":{"line":146,"column":72}},{"start":{"line":147,"column":22},"end":{"line":149,"column":28}}],"line":146},"6":{"loc":{"start":{"line":176,"column":21},"end":{"line":180,"column":21}},"type":"binary-expr","locations":[{"start":{"line":176,"column":21},"end":{"line":176,"column":44}},{"start":{"line":176,"column":48},"end":{"line":176,"column":72}},{"start":{"line":177,"column":22},"end":{"line":179,"column":28}}],"line":176},"7":{"loc":{"start":{"line":185,"column":27},"end":{"line":187,"column":27}},"type":"binary-expr","locations":[{"start":{"line":185,"column":27},"end":{"line":185,"column":53}},{"start":{"line":186,"column":28},"end":{"line":186,"column":66}}],"line":185},"8":{"loc":{"start":{"line":195,"column":30},"end":{"line":195,"column":75}},"type":"binary-expr","locations":[{"start":{"line":195,"column":30},"end":{"line":195,"column":38}},{"start":{"line":195,"column":42},"end":{"line":195,"column":62}},{"start":{"line":195,"column":66},"end":{"line":195,"column":75}}],"line":195},"9":{"loc":{"start":{"line":197,"column":21},"end":{"line":201,"column":21}},"type":"cond-expr","locations":[{"start":{"line":198,"column":22},"end":{"line":198,"column":57}},{"start":{"line":200,"column":22},"end":{"line":200,"column":36}}],"line":197},"10":{"loc":{"start":{"line":204,"column":19},"end":{"line":208,"column":19}},"type":"binary-expr","locations":[{"start":{"line":204,"column":19},"end":{"line":204,"column":26}},{"start":{"line":205,"column":20},"end":{"line":207,"column":26}}],"line":204}},"s":{"0":1,"1":1,"2":43,"3":42,"4":42,"5":42,"6":42,"7":639,"8":42,"9":8,"10":8,"11":8,"12":8,"13":5,"14":5,"15":5,"16":5,"17":5,"18":5,"19":5,"20":5,"21":3,"22":8,"23":8,"24":8,"25":42,"26":19,"27":16,"28":16,"29":42,"30":991,"31":19,"32":16,"33":167},"f":{"0":43,"1":639,"2":8,"3":5,"4":19,"5":991,"6":19,"7":16,"8":167},"b":{"0":[639,0],"1":[3,2],"2":[16,3],"3":[19,17],"4":[991,224,1],"5":[991,411,1],"6":[991,204,19],"7":[167,1],"8":[991,480,45],"9":[0,991],"10":[991,4]},"_coverageSchema":"1a1c01bbd47fc00a2c39e90264f33305004495a9","hash":"6ce6a6cdc4210bda1085e9d421db66fad636d2a4"}
,"/Users/vasco/Desktop/FlatFair/FlatFair/app/src/pages/Dashboard.tsx": {"path":"/Users/vasco/Desktop/FlatFair/FlatFair/app/src/pages/Dashboard.tsx","statementMap":{"0":{"start":{"line":12,"column":18},"end":{"line":230,"column":1}},"1":{"start":{"line":13,"column":19},"end":{"line":13,"column":32}},"2":{"start":{"line":16,"column":34},"end":{"line":16,"column":53}},"3":{"start":{"line":17,"column":42},"end":{"line":17,"column":66}},"4":{"start":{"line":18,"column":30},"end":{"line":18,"column":57}},"5":{"start":{"line":19,"column":42},"end":{"line":19,"column":57}},"6":{"start":{"line":20,"column":40},"end":{"line":20,"column":60}},"7":{"start":{"line":22,"column":2},"end":{"line":42,"column":8}},"8":{"start":{"line":23,"column":26},"end":{"line":39,"column":5}},"9":{"start":{"line":24,"column":6},"end":{"line":38,"column":7}},"10":{"start":{"line":25,"column":25},"end":{"line":25,"column":56}},"11":{"start":{"line":26,"column":8},"end":{"line":26,"column":47}},"12":{"start":{"line":28,"column":8},"end":{"line":33,"column":9}},"13":{"start":{"line":29,"column":10},"end":{"line":29,"column":48}},"14":{"start":{"line":30,"column":10},"end":{"line":30,"column":67}},"15":{"start":{"line":32,"column":10},"end":{"line":32,"column":64}},"16":{"start":{"line":35,"column":8},"end":{"line":35,"column":57}},"17":{"start":{"line":41,"column":4},"end":{"line":41,"column":19}},"18":{"start":{"line":44,"column":2},"end":{"line":44,"column":41}},"19":{"start":{"line":45,"column":2},"end":{"line":45,"column":27}},"20":{"start":{"line":47,"column":2},"end":{"line":229,"column":3}},"21":{"start":{"line":54,"column":24},"end":{"line":54,"column":46}},"22":{"start":{"line":118,"column":31},"end":{"line":118,"column":51}},"23":{"start":{"line":126,"column":31},"end":{"line":126,"column":51}},"24":{"start":{"line":135,"column":18},"end":{"line":139,"column":19}},"25":{"start":{"line":136,"column":20},"end":{"line":136,"column":59}},"26":{"start":{"line":138,"column":20},"end":{"line":138,"column":59}},"27":{"start":{"line":141,"column":18},"end":{"line":141,"column":29}},"28":{"start":{"line":144,"column":18},"end":{"line":180,"column":24}},"29":{"start":{"line":148,"column":22},"end":{"line":148,"column":43}},"30":{"start":{"line":149,"column":22},"end":{"line":149,"column":67}},"31":{"start":{"line":150,"column":22},"end":{"line":150,"column":49}},"32":{"start":{"line":151,"column":22},"end":{"line":151,"column":66}},"33":{"start":{"line":195,"column":18},"end":{"line":213,"column":24}},"34":{"start":{"line":200,"column":39},"end":{"line":200,"column":54}},"35":{"start":{"line":201,"column":26},"end":{"line":201,"column":42}},"36":{"start":{"line":208,"column":24},"end":{"line":208,"column":55}},"37":{"start":{"line":218,"column":18},"end":{"line":218,"column":43}}},"fnMap":{"0":{"name":"(anonymous_0)","decl":{"start":{"line":12,"column":18},"end":{"line":12,"column":19}},"loc":{"start":{"line":12,"column":24},"end":{"line":230,"column":1}},"line":12},"1":{"name":"(anonymous_1)","decl":{"start":{"line":22,"column":12},"end":{"line":22,"column":13}},"loc":{"start":{"line":22,"column":18},"end":{"line":42,"column":3}},"line":22},"2":{"name":"(anonymous_2)","decl":{"start":{"line":23,"column":26},"end":{"line":23,"column":27}},"loc":{"start":{"line":23,"column":38},"end":{"line":39,"column":5}},"line":23},"3":{"name":"(anonymous_3)","decl":{"start":{"line":54,"column":18},"end":{"line":54,"column":19}},"loc":{"start":{"line":54,"column":24},"end":{"line":54,"column":46}},"line":54},"4":{"name":"(anonymous_4)","decl":{"start":{"line":118,"column":25},"end":{"line":118,"column":26}},"loc":{"start":{"line":118,"column":31},"end":{"line":118,"column":51}},"line":118},"5":{"name":"(anonymous_5)","decl":{"start":{"line":126,"column":25},"end":{"line":126,"column":26}},"loc":{"start":{"line":126,"column":31},"end":{"line":126,"column":51}},"line":126},"6":{"name":"(anonymous_6)","decl":{"start":{"line":133,"column":24},"end":{"line":133,"column":25}},"loc":{"start":{"line":133,"column":41},"end":{"line":142,"column":17}},"line":133},"7":{"name":"(anonymous_7)","decl":{"start":{"line":143,"column":21},"end":{"line":143,"column":22}},"loc":{"start":{"line":144,"column":18},"end":{"line":180,"column":24}},"line":144},"8":{"name":"(anonymous_8)","decl":{"start":{"line":147,"column":29},"end":{"line":147,"column":30}},"loc":{"start":{"line":147,"column":35},"end":{"line":152,"column":21}},"line":147},"9":{"name":"(anonymous_9)","decl":{"start":{"line":194,"column":36},"end":{"line":194,"column":37}},"loc":{"start":{"line":195,"column":18},"end":{"line":213,"column":24}},"line":195},"10":{"name":"(anonymous_10)","decl":{"start":{"line":199,"column":29},"end":{"line":199,"column":30}},"loc":{"start":{"line":199,"column":41},"end":{"line":202,"column":25}},"line":199},"11":{"name":"(anonymous_11)","decl":{"start":{"line":207,"column":31},"end":{"line":207,"column":32}},"loc":{"start":{"line":207,"column":37},"end":{"line":209,"column":23}},"line":207},"12":{"name":"(anonymous_12)","decl":{"start":{"line":217,"column":25},"end":{"line":217,"column":26}},"loc":{"start":{"line":217,"column":31},"end":{"line":219,"column":17}},"line":217}},"branchMap":{"0":{"loc":{"start":{"line":28,"column":8},"end":{"line":33,"column":9}},"type":"if","locations":[{"start":{"line":28,"column":8},"end":{"line":33,"column":9}},{"start":{"line":31,"column":15},"end":{"line":33,"column":9}}],"line":28},"1":{"loc":{"start":{"line":28,"column":12},"end":{"line":28,"column":66}},"type":"binary-expr","locations":[{"start":{"line":28,"column":12},"end":{"line":28,"column":20}},{"start":{"line":28,"column":24},"end":{"line":28,"column":37}},{"start":{"line":28,"column":41},"end":{"line":28,"column":66}}],"line":28},"2":{"loc":{"start":{"line":30,"column":26},"end":{"line":30,"column":66}},"type":"binary-expr","locations":[{"start":{"line":30,"column":26},"end":{"line":30,"column":60}},{"start":{"line":30,"column":64},"end":{"line":30,"column":66}}],"line":30},"3":{"loc":{"start":{"line":50,"column":7},"end":{"line":87,"column":7}},"type":"binary-expr","locations":[{"start":{"line":50,"column":7},"end":{"line":50,"column":19}},{"start":{"line":50,"column":23},"end":{"line":50,"column":34}},{"start":{"line":51,"column":8},"end":{"line":86,"column":10}}],"line":50},"4":{"loc":{"start":{"line":52,"column":18},"end":{"line":52,"column":62}},"type":"binary-expr","locations":[{"start":{"line":52,"column":18},"end":{"line":52,"column":41}},{"start":{"line":52,"column":45},"end":{"line":52,"column":62}}],"line":52},"5":{"loc":{"start":{"line":66,"column":44},"end":{"line":66,"column":71}},"type":"binary-expr","locations":[{"start":{"line":66,"column":44},"end":{"line":66,"column":62}},{"start":{"line":66,"column":66},"end":{"line":66,"column":71}}],"line":66},"6":{"loc":{"start":{"line":116,"column":18},"end":{"line":116,"column":62}},"type":"cond-expr","locations":[{"start":{"line":116,"column":41},"end":{"line":116,"column":57}},{"start":{"line":116,"column":60},"end":{"line":116,"column":62}}],"line":116},"7":{"loc":{"start":{"line":124,"column":18},"end":{"line":124,"column":62}},"type":"cond-expr","locations":[{"start":{"line":124,"column":41},"end":{"line":124,"column":57}},{"start":{"line":124,"column":60},"end":{"line":124,"column":62}}],"line":124},"8":{"loc":{"start":{"line":135,"column":18},"end":{"line":139,"column":19}},"type":"if","locations":[{"start":{"line":135,"column":18},"end":{"line":139,"column":19}},{"start":{"line":137,"column":25},"end":{"line":139,"column":19}}],"line":135},"9":{"loc":{"start":{"line":174,"column":24},"end":{"line":174,"column":77}},"type":"cond-expr","locations":[{"start":{"line":174,"column":59},"end":{"line":174,"column":67}},{"start":{"line":174,"column":70},"end":{"line":174,"column":77}}],"line":174},"10":{"loc":{"start":{"line":192,"column":15},"end":{"line":214,"column":18}},"type":"binary-expr","locations":[{"start":{"line":192,"column":15},"end":{"line":192,"column":23}},{"start":{"line":193,"column":16},"end":{"line":193,"column":31}},{"start":{"line":194,"column":16},"end":{"line":214,"column":18}}],"line":192}},"s":{"0":1,"1":13,"2":13,"3":12,"4":12,"5":12,"6":12,"7":12,"8":5,"9":5,"10":5,"11":5,"12":5,"13":5,"14":5,"15":0,"16":0,"17":5,"18":12,"19":12,"20":12,"21":0,"22":0,"23":2,"24":10,"25":8,"26":2,"27":0,"28":5,"29":1,"30":1,"31":1,"32":1,"33":5,"34":10,"35":10,"36":1,"37":1},"f":{"0":13,"1":5,"2":5,"3":0,"4":0,"5":2,"6":10,"7":5,"8":1,"9":5,"10":10,"11":1,"12":1},"b":{"0":[5,0],"1":[5,5,5],"2":[5,0],"3":[12,1,1],"4":[1,0],"5":[1,0],"6":[3,9],"7":[9,3],"8":[8,2],"9":[4,1],"10":[12,5,5]},"_coverageSchema":"1a1c01bbd47fc00a2c39e90264f33305004495a9","hash":"5e87851f3abf082035bb710063f56b2a877ad0be"}
,"/Users/vasco/Desktop/FlatFair/FlatFair/app/src/pages/Landing.tsx": {"path":"/Users/vasco/Desktop/FlatFair/FlatFair/app/src/pages/Landing.tsx","statementMap":{"0":{"start":{"line":4,"column":16},"end":{"line":27,"column":1}},"1":{"start":{"line":5,"column":19},"end":{"line":5,"column":32}},"2":{"start":{"line":6,"column":2},"end":{"line":26,"column":3}},"3":{"start":{"line":16,"column":16},"end":{"line":16,"column":34}}},"fnMap":{"0":{"name":"(anonymous_0)","decl":{"start":{"line":4,"column":16},"end":{"line":4,"column":17}},"loc":{"start":{"line":4,"column":36},"end":{"line":27,"column":1}},"line":4},"1":{"name":"(anonymous_1)","decl":{"start":{"line":15,"column":23},"end":{"line":15,"column":24}},"loc":{"start":{"line":15,"column":29},"end":{"line":17,"column":15}},"line":15}},"branchMap":{},"s":{"0":1,"1":2,"2":2,"3":0},"f":{"0":2,"1":0},"b":{},"_coverageSchema":"1a1c01bbd47fc00a2c39e90264f33305004495a9","hash":"e1a6263bd542696970c02548d978426632f31313"}
,"/Users/vasco/Desktop/FlatFair/FlatFair/app/src/pages/Login.tsx": {"path":"/Users/vasco/Desktop/FlatFair/FlatFair/app/src/pages/Login.tsx","statementMap":{"0":{"start":{"line":15,"column":39},"end":{"line":18,"column":1}},"1":{"start":{"line":20,"column":14},"end":{"line":111,"column":1}},"2":{"start":{"line":21,"column":36},"end":{"line":21,"column":60}},"3":{"start":{"line":22,"column":19},"end":{"line":22,"column":32}},"4":{"start":{"line":23,"column":28},"end":{"line":23,"column":48}},"5":{"start":{"line":25,"column":27},"end":{"line":31,"column":4}},"6":{"start":{"line":32,"column":23},"end":{"line":48,"column":3}},"7":{"start":{"line":33,"column":4},"end":{"line":33,"column":22}},"8":{"start":{"line":34,"column":4},"end":{"line":47,"column":5}},"9":{"start":{"line":36,"column":23},"end":{"line":36,"column":60}},"10":{"start":{"line":37,"column":6},"end":{"line":37,"column":48}},"11":{"start":{"line":38,"column":6},"end":{"line":38,"column":51}},"12":{"start":{"line":39,"column":6},"end":{"line":39,"column":21}},"13":{"start":{"line":41,"column":6},"end":{"line":41,"column":43}},"14":{"start":{"line":42,"column":6},"end":{"line":42,"column":43}},"15":{"start":{"line":44,"column":6},"end":{"line":44,"column":25}},"16":{"start":{"line":45,"column":6},"end":{"line":45,"column":28}},"17":{"start":{"line":46,"column":6},"end":{"line":46,"column":25}},"18":{"start":{"line":49,"column":2},"end":{"line":110,"column":3}},"19":{"start":{"line":62,"column":16},"end":{"line":103,"column":23}}},"fnMap":{"0":{"name":"(anonymous_0)","decl":{"start":{"line":20,"column":14},"end":{"line":20,"column":15}},"loc":{"start":{"line":20,"column":34},"end":{"line":111,"column":1}},"line":20},"1":{"name":"(anonymous_1)","decl":{"start":{"line":32,"column":23},"end":{"line":32,"column":24}},"loc":{"start":{"line":32,"column":58},"end":{"line":48,"column":3}},"line":32},"2":{"name":"(anonymous_2)","decl":{"start":{"line":61,"column":15},"end":{"line":61,"column":16}},"loc":{"start":{"line":62,"column":16},"end":{"line":103,"column":23}},"line":62}},"branchMap":{"0":{"loc":{"start":{"line":72,"column":21},"end":{"line":74,"column":21}},"type":"binary-expr","locations":[{"start":{"line":72,"column":21},"end":{"line":72,"column":33}},{"start":{"line":72,"column":37},"end":{"line":72,"column":50}},{"start":{"line":73,"column":22},"end":{"line":73,"column":70}}],"line":72},"1":{"loc":{"start":{"line":85,"column":21},"end":{"line":87,"column":21}},"type":"binary-expr","locations":[{"start":{"line":85,"column":21},"end":{"line":85,"column":36}},{"start":{"line":85,"column":40},"end":{"line":85,"column":56}},{"start":{"line":86,"column":22},"end":{"line":86,"column":73}}],"line":85},"2":{"loc":{"start":{"line":89,"column":19},"end":{"line":89,"column":69}},"type":"binary-expr","locations":[{"start":{"line":89,"column":19},"end":{"line":89,"column":24}},{"start":{"line":89,"column":28},"end":{"line":89,"column":69}}],"line":89},"3":{"loc":{"start":{"line":93,"column":30},"end":{"line":93,"column":51}},"type":"binary-expr","locations":[{"start":{"line":93,"column":30},"end":{"line":93,"column":38}},{"start":{"line":93,"column":42},"end":{"line":93,"column":51}}],"line":93},"4":{"loc":{"start":{"line":95,"column":21},"end":{"line":95,"column":79}},"type":"cond-expr","locations":[{"start":{"line":95,"column":33},"end":{"line":95,"column":68}},{"start":{"line":95,"column":71},"end":{"line":95,"column":79}}],"line":95}},"s":{"0":1,"1":1,"2":16,"3":15,"4":15,"5":15,"6":15,"7":5,"8":5,"9":5,"10":3,"11":3,"12":3,"13":2,"14":2,"15":5,"16":5,"17":5,"18":15,"19":267},"f":{"0":16,"1":5,"2":267},"b":{"0":[267,68,2],"1":[267,193,2],"2":[267,2],"3":[267,74],"4":[0,267]},"_coverageSchema":"1a1c01bbd47fc00a2c39e90264f33305004495a9","hash":"34ffbc20136a1d3c42fdb95a4eaeef5390993040"}
,"/Users/vasco/Desktop/FlatFair/FlatFair/app/src/pages/Logout.tsx": {"path":"/Users/vasco/Desktop/FlatFair/FlatFair/app/src/pages/Logout.tsx","statementMap":{"0":{"start":{"line":4,"column":15},"end":{"line":35,"column":1}},"1":{"start":{"line":5,"column":19},"end":{"line":5,"column":32}},"2":{"start":{"line":6,"column":2},"end":{"line":10,"column":8}},"3":{"start":{"line":8,"column":4},"end":{"line":8,"column":36}},"4":{"start":{"line":9,"column":4},"end":{"line":9,"column":34}},"5":{"start":{"line":12,"column":2},"end":{"line":34,"column":3}},"6":{"start":{"line":24,"column":18},"end":{"line":24,"column":36}}},"fnMap":{"0":{"name":"(anonymous_0)","decl":{"start":{"line":4,"column":15},"end":{"line":4,"column":16}},"loc":{"start":{"line":4,"column":35},"end":{"line":35,"column":1}},"line":4},"1":{"name":"(anonymous_1)","decl":{"start":{"line":6,"column":12},"end":{"line":6,"column":13}},"loc":{"start":{"line":6,"column":18},"end":{"line":10,"column":3}},"line":6},"2":{"name":"(anonymous_2)","decl":{"start":{"line":23,"column":25},"end":{"line":23,"column":26}},"loc":{"start":{"line":23,"column":31},"end":{"line":25,"column":17}},"line":23}},"branchMap":{},"s":{"0":1,"1":2,"2":2,"3":2,"4":2,"5":2,"6":1},"f":{"0":2,"1":2,"2":1},"b":{},"_coverageSchema":"1a1c01bbd47fc00a2c39e90264f33305004495a9","hash":"c972d3cb9bffe56b9fdd50f1ce5e6d8fd6df060a"}
}
