TN:
SF:src/App.tsx
FN:11,App
FNF:1
FNH:0
FNDA:0,App
DA:12,0
LF:1
LH:0
BRF:0
BRH:0
end_of_record
TN:
SF:src/components/AsyncSubmit.tsx
FN:4,(anonymous_0)
FNF:1
FNH:0
FNDA:0,(anonymous_0)
DA:4,4
DA:5,0
LF:2
LH:1
BRDA:7,0,0,0
BRDA:7,0,1,0
BRF:2
BRH:0
end_of_record
TN:
SF:src/components/ErrorBoundary.tsx
FN:17,(anonymous_0)
FN:21,(anonymous_1)
FN:25,(anonymous_2)
FNF:3
FNH:3
FNDA:2,(anonymous_0)
FNDA:1,(anonymous_1)
FNDA:5,(anonymous_2)
DA:13,3
DA:18,2
DA:22,1
DA:26,5
DA:27,2
DA:35,3
LF:6
LH:6
BRDA:26,0,0,2
BRDA:26,0,1,3
BRF:2
BRH:2
end_of_record
TN:
SF:src/components/Icon.tsx
FN:14,(anonymous_0)
FNF:1
FNH:1
FNDA:25,(anonymous_0)
DA:14,3
DA:15,25
DA:17,25
LF:3
LH:3
BRDA:14,0,0,25
BRDA:14,1,0,25
BRDA:15,2,0,0
BRDA:15,2,1,25
BRDA:19,3,0,0
BRDA:19,3,1,25
BRF:6
BRH:4
end_of_record
TN:
SF:src/components/Modal.tsx
FN:16,(anonymous_0)
FNF:1
FNH:1
FNDA:1,(anonymous_0)
DA:16,2
DA:17,1
LF:2
LH:2
BRDA:22,0,0,0
BRDA:22,0,1,1
BRDA:22,1,0,1
BRDA:22,1,1,1
BRDA:28,2,0,1
BRDA:28,2,1,1
BRDA:33,3,0,1
BRDA:33,3,1,1
BRF:8
BRH:7
end_of_record
TN:
SF:src/components/Navbar.tsx
FN:4,(anonymous_0)
FN:22,(anonymous_1)
FN:30,(anonymous_2)
FNF:3
FNH:3
FNDA:97,(anonymous_0)
FNDA:1,(anonymous_1)
FNDA:1,(anonymous_2)
DA:4,6
DA:5,97
DA:6,97
DA:10,97
DA:23,1
DA:31,1
LF:6
LH:6
BRDA:18,0,0,97
BRDA:18,0,1,1
BRF:2
BRH:2
end_of_record
TN:
SF:src/components/SpendingChart.tsx
FN:13,(anonymous_0)
FN:15,(anonymous_1)
FN:32,(anonymous_2)
FN:39,(anonymous_3)
FNF:4
FNH:0
FNDA:0,(anonymous_0)
FNDA:0,(anonymous_1)
FNDA:0,(anonymous_2)
FNDA:0,(anonymous_3)
DA:13,0
DA:15,0
DA:17,0
DA:32,0
DA:33,0
DA:34,0
DA:35,0
DA:39,0
DA:44,0
DA:47,0
DA:49,0
LF:11
LH:0
BRF:0
BRH:0
end_of_record
TN:
SF:src/pages/CreateAccount.tsx
FN:23,(anonymous_0)
FN:40,(anonymous_1)
FN:99,(anonymous_2)
FNF:3
FNH:3
FNDA:14,(anonymous_0)
FNDA:4,(anonymous_1)
FNDA:398,(anonymous_2)
DA:16,1
DA:23,1
DA:24,14
DA:25,13
DA:27,13
DA:40,13
DA:41,4
DA:42,4
DA:43,4
DA:46,4
DA:52,2
DA:54,2
DA:57,2
DA:58,1
DA:61,1
DA:66,1
DA:68,1
DA:69,1
DA:73,2
DA:76,2
DA:78,2
DA:83,4
DA:87,13
DA:100,398
LF:24
LH:24
BRDA:57,0,0,1
BRDA:57,0,1,1
BRDA:68,1,0,1
BRDA:68,1,1,0
BRDA:80,2,0,2
BRDA:80,2,1,1
BRDA:110,3,0,398
BRDA:110,3,1,97
BRDA:110,3,2,2
BRDA:123,4,0,398
BRDA:123,4,1,169
BRDA:123,4,2,1
BRDA:136,5,0,398
BRDA:136,5,1,232
BRDA:136,5,2,2
BRDA:149,6,0,398
BRDA:149,6,1,369
BRDA:149,6,2,2
BRDA:156,7,0,398
BRDA:156,7,1,29
BRDA:158,8,0,0
BRDA:158,8,1,398
BRF:22
BRH:20
end_of_record
TN:
SF:src/pages/CreateGroup.tsx
FN:21,(anonymous_0)
FN:36,(anonymous_1)
FN:43,(anonymous_2)
FN:61,(anonymous_3)
FN:90,(anonymous_4)
FN:112,(anonymous_5)
FN:167,(anonymous_6)
FN:168,(anonymous_7)
FN:182,(anonymous_8)
FNF:9
FNH:9
FNDA:43,(anonymous_0)
FNDA:639,(anonymous_1)
FNDA:8,(anonymous_2)
FNDA:5,(anonymous_3)
FNDA:19,(anonymous_4)
FNDA:991,(anonymous_5)
FNDA:19,(anonymous_6)
FNDA:16,(anonymous_7)
FNDA:167,(anonymous_8)
DA:15,1
DA:21,1
DA:22,43
DA:23,42
DA:24,42
DA:25,42
DA:27,42
DA:38,639
DA:43,42
DA:44,8
DA:47,8
DA:53,8
DA:55,8
DA:57,5
DA:59,5
DA:61,5
DA:63,5
DA:64,5
DA:70,5
DA:76,5
DA:77,5
DA:79,3
DA:84,8
DA:85,8
DA:86,8
DA:90,42
DA:91,19
DA:92,16
DA:93,16
DA:97,42
DA:123,991
DA:168,19
DA:169,16
DA:183,167
LF:34
LH:34
BRDA:38,0,0,639
BRDA:38,0,1,0
BRDA:81,1,0,3
BRDA:81,1,1,2
BRDA:91,2,0,16
BRDA:91,2,1,3
BRDA:91,3,0,19
BRDA:91,3,1,17
BRDA:133,4,0,991
BRDA:133,4,1,224
BRDA:133,4,2,1
BRDA:146,5,0,991
BRDA:146,5,1,411
BRDA:146,5,2,1
BRDA:176,6,0,991
BRDA:176,6,1,204
BRDA:176,6,2,19
BRDA:185,7,0,167
BRDA:185,7,1,1
BRDA:195,8,0,991
BRDA:195,8,1,480
BRDA:195,8,2,45
BRDA:197,9,0,0
BRDA:197,9,1,991
BRDA:204,10,0,991
BRDA:204,10,1,4
BRF:26
BRH:24
end_of_record
TN:
SF:src/pages/Dashboard.tsx
FN:12,(anonymous_0)
FN:22,(anonymous_1)
FN:23,(anonymous_2)
FN:54,(anonymous_3)
FN:118,(anonymous_4)
FN:126,(anonymous_5)
FN:133,(anonymous_6)
FN:143,(anonymous_7)
FN:147,(anonymous_8)
FN:194,(anonymous_9)
FN:199,(anonymous_10)
FN:207,(anonymous_11)
FN:217,(anonymous_12)
FNF:13
FNH:11
FNDA:13,(anonymous_0)
FNDA:5,(anonymous_1)
FNDA:5,(anonymous_2)
FNDA:0,(anonymous_3)
FNDA:0,(anonymous_4)
FNDA:2,(anonymous_5)
FNDA:10,(anonymous_6)
FNDA:5,(anonymous_7)
FNDA:1,(anonymous_8)
FNDA:5,(anonymous_9)
FNDA:10,(anonymous_10)
FNDA:1,(anonymous_11)
FNDA:1,(anonymous_12)
DA:12,1
DA:13,13
DA:16,13
DA:17,12
DA:18,12
DA:19,12
DA:20,12
DA:22,12
DA:23,5
DA:24,5
DA:25,5
DA:26,5
DA:28,5
DA:29,5
DA:30,5
DA:32,0
DA:35,0
DA:41,5
DA:44,12
DA:45,12
DA:47,12
DA:54,0
DA:118,0
DA:126,2
DA:135,10
DA:136,8
DA:138,2
DA:141,0
DA:144,5
DA:148,1
DA:149,1
DA:150,1
DA:151,1
DA:195,5
DA:200,10
DA:201,10
DA:208,1
DA:218,1
LF:38
LH:33
BRDA:28,0,0,5
BRDA:28,0,1,0
BRDA:28,1,0,5
BRDA:28,1,1,5
BRDA:28,1,2,5
BRDA:30,2,0,5
BRDA:30,2,1,0
BRDA:50,3,0,12
BRDA:50,3,1,1
BRDA:50,3,2,1
BRDA:52,4,0,1
BRDA:52,4,1,0
BRDA:66,5,0,1
BRDA:66,5,1,0
BRDA:116,6,0,3
BRDA:116,6,1,9
BRDA:124,7,0,9
BRDA:124,7,1,3
BRDA:135,8,0,8
BRDA:135,8,1,2
BRDA:174,9,0,4
BRDA:174,9,1,1
BRDA:192,10,0,12
BRDA:192,10,1,5
BRDA:192,10,2,5
BRF:25
BRH:21
end_of_record
TN:
SF:src/pages/Landing.tsx
FN:4,(anonymous_0)
FN:15,(anonymous_1)
FNF:2
FNH:1
FNDA:2,(anonymous_0)
FNDA:0,(anonymous_1)
DA:4,1
DA:5,2
DA:6,2
DA:16,0
LF:4
LH:3
BRF:0
BRH:0
end_of_record
TN:
SF:src/pages/Login.tsx
FN:20,(anonymous_0)
FN:32,(anonymous_1)
FN:61,(anonymous_2)
FNF:3
FNH:3
FNDA:16,(anonymous_0)
FNDA:5,(anonymous_1)
FNDA:267,(anonymous_2)
DA:15,1
DA:20,1
DA:21,16
DA:22,15
DA:23,15
DA:25,15
DA:32,15
DA:33,5
DA:34,5
DA:36,5
DA:37,3
DA:38,3
DA:39,3
DA:41,2
DA:42,2
DA:44,5
DA:45,5
DA:46,5
DA:49,15
DA:62,267
LF:20
LH:20
BRDA:72,0,0,267
BRDA:72,0,1,68
BRDA:72,0,2,2
BRDA:85,1,0,267
BRDA:85,1,1,193
BRDA:85,1,2,2
BRDA:89,2,0,267
BRDA:89,2,1,2
BRDA:93,3,0,267
BRDA:93,3,1,74
BRDA:95,4,0,0
BRDA:95,4,1,267
BRF:12
BRH:11
end_of_record
TN:
SF:src/pages/Logout.tsx
FN:4,(anonymous_0)
FN:6,(anonymous_1)
FN:23,(anonymous_2)
FNF:3
FNH:3
FNDA:2,(anonymous_0)
FNDA:2,(anonymous_1)
FNDA:1,(anonymous_2)
DA:4,1
DA:5,2
DA:6,2
DA:8,2
DA:9,2
DA:12,2
DA:24,1
LF:7
LH:7
BRF:0
BRH:0
end_of_record
