TN:
SF:src/App.tsx
FN:11,App
FNF:1
FNH:1
FNDA:2,App
DA:12,2
LF:1
LH:1
BRF:0
BRH:0
end_of_record
TN:
SF:src/components/AsyncSubmit.tsx
FN:4,(anonymous_0)
FNF:1
FNH:0
FNDA:0,(anonymous_0)
DA:4,5
DA:5,0
LF:2
LH:1
BRDA:7,0,0,0
BRDA:7,0,1,0
BRF:2
BRH:0
end_of_record
TN:
SF:src/components/ErrorBoundary.tsx
FN:17,(anonymous_0)
FN:21,(anonymous_1)
FN:25,(anonymous_2)
FNF:3
FNH:3
FNDA:2,(anonymous_0)
FNDA:1,(anonymous_1)
FNDA:5,(anonymous_2)
DA:13,3
DA:18,2
DA:22,1
DA:26,5
DA:27,2
DA:35,3
LF:6
LH:6
BRDA:26,0,0,2
BRDA:26,0,1,3
BRF:2
BRH:2
end_of_record
TN:
SF:src/components/Icon.tsx
FN:14,(anonymous_0)
FNF:1
FNH:1
FNDA:78,(anonymous_0)
DA:14,5
DA:15,78
DA:17,78
LF:3
LH:3
BRDA:14,0,0,78
BRDA:14,1,0,78
BRDA:15,2,0,0
BRDA:15,2,1,78
BRDA:19,3,0,0
BRDA:19,3,1,78
BRF:6
BRH:4
end_of_record
TN:
SF:src/components/Modal.tsx
FN:16,(anonymous_0)
FNF:1
FNH:1
FNDA:17,(anonymous_0)
DA:16,2
DA:17,17
LF:2
LH:2
BRDA:22,0,0,0
BRDA:22,0,1,16
BRDA:22,1,0,16
BRDA:22,1,1,16
BRDA:28,2,0,16
BRDA:28,2,1,16
BRDA:33,3,0,16
BRDA:33,3,1,16
BRF:8
BRH:7
end_of_record
TN:
SF:src/components/Navbar.tsx
FN:5,(anonymous_0)
FN:25,(anonymous_1)
FN:33,(anonymous_2)
FNF:3
FNH:3
FNDA:129,(anonymous_0)
FNDA:1,(anonymous_1)
FNDA:1,(anonymous_2)
DA:5,8
DA:6,129
DA:7,129
DA:9,129
DA:13,129
DA:26,1
DA:34,1
LF:7
LH:7
BRDA:21,0,0,129
BRDA:21,0,1,2
BRF:2
BRH:2
end_of_record
TN:
SF:src/pages/CreateAccount.tsx
FN:23,(anonymous_0)
FN:40,(anonymous_1)
FN:96,(anonymous_2)
FNF:3
FNH:3
FNDA:14,(anonymous_0)
FNDA:4,(anonymous_1)
FNDA:398,(anonymous_2)
DA:16,2
DA:23,2
DA:24,14
DA:25,13
DA:27,13
DA:40,13
DA:41,4
DA:42,4
DA:43,4
DA:46,4
DA:52,2
DA:55,2
DA:56,1
DA:59,1
DA:63,1
DA:65,1
DA:66,1
DA:70,2
DA:73,2
DA:75,2
DA:80,4
DA:84,13
DA:97,398
LF:23
LH:23
BRDA:55,0,0,1
BRDA:55,0,1,1
BRDA:65,1,0,1
BRDA:65,1,1,0
BRDA:77,2,0,2
BRDA:77,2,1,1
BRDA:107,3,0,398
BRDA:107,3,1,97
BRDA:107,3,2,2
BRDA:120,4,0,398
BRDA:120,4,1,169
BRDA:120,4,2,1
BRDA:133,5,0,398
BRDA:133,5,1,232
BRDA:133,5,2,2
BRDA:146,6,0,398
BRDA:146,6,1,369
BRDA:146,6,2,2
BRDA:153,7,0,398
BRDA:153,7,1,29
BRDA:155,8,0,0
BRDA:155,8,1,398
BRF:22
BRH:20
end_of_record
TN:
SF:src/pages/CreateGroup.tsx
FN:23,(anonymous_0)
FN:38,(anonymous_1)
FN:45,(anonymous_2)
FN:97,(anonymous_3)
FN:119,(anonymous_4)
FN:174,(anonymous_5)
FN:175,(anonymous_6)
FN:189,(anonymous_7)
FNF:8
FNH:8
FNDA:43,(anonymous_0)
FNDA:639,(anonymous_1)
FNDA:8,(anonymous_2)
FNDA:19,(anonymous_3)
FNDA:991,(anonymous_4)
FNDA:19,(anonymous_5)
FNDA:16,(anonymous_6)
FNDA:167,(anonymous_7)
DA:17,2
DA:23,2
DA:24,43
DA:25,42
DA:26,42
DA:27,42
DA:29,42
DA:40,639
DA:45,42
DA:46,8
DA:49,8
DA:55,8
DA:57,8
DA:62,5
DA:65,5
DA:83,5
DA:84,5
DA:86,3
DA:91,8
DA:92,8
DA:93,8
DA:97,42
DA:98,19
DA:99,16
DA:100,16
DA:104,42
DA:130,991
DA:175,19
DA:176,16
DA:190,167
LF:30
LH:30
BRDA:40,0,0,639
BRDA:40,0,1,0
BRDA:88,1,0,3
BRDA:88,1,1,2
BRDA:98,2,0,16
BRDA:98,2,1,3
BRDA:98,3,0,19
BRDA:98,3,1,17
BRDA:140,4,0,991
BRDA:140,4,1,224
BRDA:140,4,2,1
BRDA:153,5,0,991
BRDA:153,5,1,411
BRDA:153,5,2,1
BRDA:183,6,0,991
BRDA:183,6,1,204
BRDA:183,6,2,19
BRDA:192,7,0,167
BRDA:192,7,1,1
BRDA:202,8,0,991
BRDA:202,8,1,480
BRDA:202,8,2,45
BRDA:204,9,0,0
BRDA:204,9,1,991
BRDA:211,10,0,991
BRDA:211,10,1,4
BRF:26
BRH:24
end_of_record
TN:
SF:src/pages/Dashboard.tsx
FN:15,(anonymous_0)
FN:23,(anonymous_1)
FN:24,(anonymous_2)
FN:46,formatTime
FN:78,(anonymous_4)
FN:87,(anonymous_5)
FN:130,(anonymous_6)
FN:135,(anonymous_7)
FN:143,(anonymous_8)
FN:153,(anonymous_9)
FNF:10
FNH:9
FNDA:24,(anonymous_0)
FNDA:13,(anonymous_1)
FNDA:13,(anonymous_2)
FNDA:0,formatTime
FNDA:2,(anonymous_4)
FNDA:18,(anonymous_5)
FNDA:9,(anonymous_6)
FNDA:16,(anonymous_7)
FNDA:1,(anonymous_8)
FNDA:2,(anonymous_9)
DA:15,2
DA:16,24
DA:17,23
DA:20,23
DA:21,23
DA:23,23
DA:24,13
DA:25,13
DA:26,13
DA:27,12
DA:29,12
DA:30,10
DA:31,10
DA:33,2
DA:36,1
DA:40,13
DA:43,23
DA:44,23
DA:47,0
DA:48,0
DA:49,0
DA:50,0
DA:51,0
DA:52,0
DA:55,23
DA:78,2
DA:88,18
DA:131,9
DA:136,16
DA:137,16
DA:144,1
DA:154,2
LF:32
LH:26
BRDA:29,0,0,10
BRDA:29,0,1,2
BRDA:29,1,0,12
BRDA:29,1,1,11
BRDA:29,1,2,11
BRDA:31,2,0,10
BRDA:31,2,1,1
BRDA:49,3,0,0
BRDA:49,3,1,0
BRDA:50,4,0,0
BRDA:50,4,1,0
BRDA:51,5,0,0
BRDA:51,5,1,0
BRDA:109,6,0,9
BRDA:109,6,1,9
BRDA:128,7,0,23
BRDA:128,7,1,10
BRDA:128,7,2,10
BRF:18
BRH:12
end_of_record
TN:
SF:src/pages/Home.tsx
FN:12,(anonymous_0)
FN:18,(anonymous_1)
FN:19,(anonymous_2)
FN:123,formatTime
FN:158,(anonymous_4)
FN:167,(anonymous_5)
FN:208,(anonymous_6)
FN:212,(anonymous_7)
FN:219,(anonymous_8)
FN:229,(anonymous_9)
FNF:10
FNH:10
FNDA:21,(anonymous_0)
FNDA:12,(anonymous_1)
FNDA:12,(anonymous_2)
FNDA:140,formatTime
FNDA:1,(anonymous_4)
FNDA:140,(anonymous_5)
FNDA:11,(anonymous_6)
FNDA:20,(anonymous_7)
FNDA:1,(anonymous_8)
FNDA:1,(anonymous_9)
DA:12,1
DA:13,21
DA:14,20
DA:17,20
DA:18,20
DA:19,12
DA:20,12
DA:21,12
DA:26,11
DA:27,1
DA:30,10
DA:31,10
DA:33,10
DA:35,2
DA:39,12
DA:42,20
DA:52,20
DA:124,140
DA:125,140
DA:126,140
DA:127,140
DA:128,140
DA:129,140
DA:132,20
DA:158,1
DA:168,140
DA:209,11
DA:213,20
DA:214,20
DA:220,1
DA:230,1
LF:31
LH:31
BRDA:26,0,0,1
BRDA:26,0,1,10
BRDA:126,1,0,140
BRDA:126,1,1,0
BRDA:127,2,0,140
BRDA:127,2,1,0
BRDA:128,3,0,20
BRDA:128,3,1,120
BRDA:189,4,0,80
BRDA:189,4,1,60
BRDA:208,5,0,20
BRDA:208,5,1,8
BRDA:208,5,2,8
BRF:13
BRH:11
end_of_record
TN:
SF:src/pages/Landing.tsx
FN:4,(anonymous_0)
FN:15,(anonymous_1)
FNF:2
FNH:1
FNDA:4,(anonymous_0)
FNDA:0,(anonymous_1)
DA:4,2
DA:5,4
DA:6,4
DA:16,0
LF:4
LH:3
BRF:0
BRH:0
end_of_record
TN:
SF:src/pages/Login.tsx
FN:21,(anonymous_0)
FN:33,(anonymous_1)
FN:62,(anonymous_2)
FNF:3
FNH:3
FNDA:16,(anonymous_0)
FNDA:5,(anonymous_1)
FNDA:267,(anonymous_2)
DA:16,2
DA:21,2
DA:22,16
DA:23,15
DA:24,15
DA:26,15
DA:33,15
DA:34,5
DA:35,5
DA:37,5
DA:38,3
DA:39,3
DA:40,3
DA:42,2
DA:43,2
DA:45,5
DA:46,5
DA:47,5
DA:50,15
DA:63,267
LF:20
LH:20
BRDA:73,0,0,267
BRDA:73,0,1,68
BRDA:73,0,2,2
BRDA:86,1,0,267
BRDA:86,1,1,193
BRDA:86,1,2,2
BRDA:90,2,0,267
BRDA:90,2,1,2
BRDA:94,3,0,267
BRDA:94,3,1,74
BRDA:96,4,0,0
BRDA:96,4,1,267
BRF:12
BRH:11
end_of_record
TN:
SF:src/pages/Logout.tsx
FN:4,(anonymous_0)
FN:6,(anonymous_1)
FN:23,(anonymous_2)
FNF:3
FNH:3
FNDA:2,(anonymous_0)
FNDA:2,(anonymous_1)
FNDA:1,(anonymous_2)
DA:4,2
DA:5,2
DA:6,2
DA:8,2
DA:9,2
DA:12,2
DA:24,1
LF:7
LH:7
BRF:0
BRH:0
end_of_record
